TN:
SF:/workspace/xmake/ellalgo-xmake/src/ell_calc.cpp
FN:14,_ZN7EllCalc12calc_ll_coreEdd
FNDA:0,_ZN7EllCalc12calc_ll_coreEdd
FN:52,_ZN7EllCalc10calc_ll_ccEdd
FNDA:0,_ZN7EllCalc10calc_ll_ccEdd
FN:66,_ZN7EllCalc7calc_dcEd
FNDA:29,_ZN7EllCalc7calc_dcEd
FN:94,_ZN7EllCalc7calc_ccEd
FNDA:13,_ZN7EllCalc7calc_ccEd
DA:14,0
DA:15,0
DA:16,0
DA:17,0
DA:18,0
DA:20,0
DA:21,0
DA:22,0
DA:24,0
DA:26,0
DA:27,0
DA:29,0
DA:30,0
DA:31,0
DA:33,0
DA:34,0
DA:35,0
DA:36,0
DA:37,0
DA:38,0
DA:39,0
DA:40,0
DA:41,0
DA:42,0
DA:52,0
DA:53,0
DA:54,0
DA:55,0
DA:56,0
DA:57,0
DA:58,0
DA:66,29
DA:67,29
DA:69,29
DA:70,29
DA:71,2
DA:73,27
DA:74,13
DA:75,13
DA:77,14
DA:78,14
DA:79,0
DA:82,14
DA:83,14
DA:84,14
DA:85,14
DA:94,13
DA:96,13
DA:97,13
DA:98,13
DA:99,13
end_of_record
TN:
SF:/usr/include/c++/11/type_traits
FN:62,_ZNKSt17integral_constantIbLb0EEcvbEv
FNDA:0,_ZNKSt17integral_constantIbLb0EEcvbEv
FN:62,_ZNKSt17integral_constantIbLb1EEcvbEv
FNDA:0,_ZNKSt17integral_constantIbLb1EEcvbEv
FN:3315,_ZSt21is_constant_evaluatedv
FNDA:0,_ZSt21is_constant_evaluatedv
DA:62,0
DA:62,0
DA:3315,0
DA:3316,0
end_of_record
SF:/usr/include/c++/11/bits/stream_iterator.h
FN:214,_ZNSt16ostream_iteratorImcSt11char_traitsIcEEC2ERSoPKc
FNDA:0,_ZNSt16ostream_iteratorImcSt11char_traitsIcEEC2ERSoPKc
FN:218,_ZNSt16ostream_iteratorImcSt11char_traitsIcEEC2ERKS2_
FNDA:0,_ZNSt16ostream_iteratorImcSt11char_traitsIcEEC2ERKS2_
FN:228,_ZNSt16ostream_iteratorImcSt11char_traitsIcEEaSERKm
FNDA:0,_ZNSt16ostream_iteratorImcSt11char_traitsIcEEaSERKm
FN:240,_ZNSt16ostream_iteratorImcSt11char_traitsIcEEdeEv
FNDA:0,_ZNSt16ostream_iteratorImcSt11char_traitsIcEEdeEv
FN:244,_ZNSt16ostream_iteratorImcSt11char_traitsIcEEppEv
FNDA:0,_ZNSt16ostream_iteratorImcSt11char_traitsIcEEppEv
DA:214,0
DA:215,0
DA:218,0
DA:219,0
DA:228,0
DA:233,0
DA:234,0
DA:235,0
DA:236,0
DA:240,0
DA:241,0
DA:244,0
DA:245,0
end_of_record
SF:/usr/include/c++/11/bits/shared_ptr.h
FN:148,_ZNSt10shared_ptrIN2xt9xfunctionINS0_6detail5minusEJRKNS0_16xarray_containerINS0_7uvectorIdSaIdEEELNS0_11layout_typeE1ENS0_7svectorImLm4ESaImELb1EEENS0_22xtensor_expression_tagEEERKNS1_INS2_10multipliesEJNS0_7xscalarIdEESF_EEEEEEEC2Ev
FNDA:0,_ZNSt10shared_ptrIN2xt9xfunctionINS0_6detail5minusEJRKNS0_16xarray_containerINS0_7uvectorIdSaIdEEELNS0_11layout_typeE1ENS0_7svectorImLm4ESaImELb1EEENS0_22xtensor_expression_tagEEERKNS1_INS2_10multipliesEJNS0_7xscalarIdEESF_EEEEEEEC2Ev
FN:148,_ZNSt10shared_ptrIN2xt9xfunctionINS0_6detail10multipliesEJNS0_7xscalarIdEERKNS0_16xarray_containerINS0_7uvectorIdSaIdEEELNS0_11layout_typeE1ENS0_7svectorImLm4ESaImELb1EEENS0_22xtensor_expression_tagEEEEEEEC2Ev
FNDA:0,_ZNSt10shared_ptrIN2xt9xfunctionINS0_6detail10multipliesEJNS0_7xscalarIdEERKNS0_16xarray_containerINS0_7uvectorIdSaIdEEELNS0_11layout_typeE1ENS0_7svectorImLm4ESaImELb1EEENS0_22xtensor_expression_tagEEEEEEEC2Ev
FN:148,_ZNSt10shared_ptrIN2xt7xscalarIdEEEC2Ev
FNDA:0,_ZNSt10shared_ptrIN2xt7xscalarIdEEEC2Ev
FN:148,_ZNSt10shared_ptrIN2xt10xbroadcastINS0_7xscalarIdEESt5arrayImLm1EEEEEC2Ev
FNDA:0,_ZNSt10shared_ptrIN2xt10xbroadcastINS0_7xscalarIdEESt5arrayImLm1EEEEEC2Ev
FN:148,_ZNSt10shared_ptrIN2xt10xgeneratorINS0_6detail7fn_implINS2_6eye_fnIbEEEEbSt6vectorImSaImEEEEEC2Ev
FNDA:0,_ZNSt10shared_ptrIN2xt10xgeneratorINS0_6detail7fn_implINS2_6eye_fnIbEEEEbSt6vectorImSaImEEEEEC2Ev
FN:148,_ZNSt10shared_ptrIN2xt16xarray_containerINS0_7uvectorIdSaIdEEELNS0_11layout_typeE1ENS0_7svectorImLm4ESaImELb1EEENS0_22xtensor_expression_tagEEEEC2Ev
FNDA:0,_ZNSt10shared_ptrIN2xt16xarray_containerINS0_7uvectorIdSaIdEEELNS0_11layout_typeE1ENS0_7svectorImLm4ESaImELb1EEENS0_22xtensor_expression_tagEEEEC2Ev
FN:148,_ZNSt10shared_ptrIN2xt10xgeneratorINS0_6detail7fn_implINS2_7diag_fnIRNS0_16xarray_containerINS0_7uvectorIdSaIdEEELNS0_11layout_typeE1ENS0_7svectorImLm4ESaImELb1EEENS0_22xtensor_expression_tagEEEEEEEdSt5arrayImLm2EEEEEC2Ev
FNDA:0,_ZNSt10shared_ptrIN2xt10xgeneratorINS0_6detail7fn_implINS2_7diag_fnIRNS0_16xarray_containerINS0_7uvectorIdSaIdEEELNS0_11layout_typeE1ENS0_7svectorImLm4ESaImELb1EEENS0_22xtensor_expression_tagEEEEEEEdSt5arrayImLm2EEEEEC2Ev
FN:304,_ZNSt10shared_ptrIN2xt16xarray_containerINS0_7uvectorIdSaIdEEELNS0_11layout_typeE1ENS0_7svectorImLm4ESaImELb1EEENS0_22xtensor_expression_tagEEEEC2EOSB_
FNDA:0,_ZNSt10shared_ptrIN2xt16xarray_containerINS0_7uvectorIdSaIdEEELNS0_11layout_typeE1ENS0_7svectorImLm4ESaImELb1EEENS0_22xtensor_expression_tagEEEEC2EOSB_
FN:357,_ZNSt10shared_ptrIN2xt9xfunctionINS0_6detail5minusEJRKNS0_16xarray_containerINS0_7uvectorIdSaIdEEELNS0_11layout_typeE1ENS0_7svectorImLm4ESaImELb1EEENS0_22xtensor_expression_tagEEERKNS1_INS2_10multipliesEJNS0_7xscalarIdEESF_EEEEEEEC2EDn
FNDA:0,_ZNSt10shared_ptrIN2xt9xfunctionINS0_6detail5minusEJRKNS0_16xarray_containerINS0_7uvectorIdSaIdEEELNS0_11layout_typeE1ENS0_7svectorImLm4ESaImELb1EEENS0_22xtensor_expression_tagEEERKNS1_INS2_10multipliesEJNS0_7xscalarIdEESF_EEEEEEEC2EDn
FN:357,_ZNSt10shared_ptrIN2xt9xfunctionINS0_6detail10multipliesEJNS0_7xscalarIdEERKNS0_16xarray_containerINS0_7uvectorIdSaIdEEELNS0_11layout_typeE1ENS0_7svectorImLm4ESaImELb1EEENS0_22xtensor_expression_tagEEEEEEEC2EDn
FNDA:0,_ZNSt10shared_ptrIN2xt9xfunctionINS0_6detail10multipliesEJNS0_7xscalarIdEERKNS0_16xarray_containerINS0_7uvectorIdSaIdEEELNS0_11layout_typeE1ENS0_7svectorImLm4ESaImELb1EEENS0_22xtensor_expression_tagEEEEEEEC2EDn
FN:357,_ZNSt10shared_ptrIN2xt7xscalarIdEEEC2EDn
FNDA:0,_ZNSt10shared_ptrIN2xt7xscalarIdEEEC2EDn
FN:357,_ZNSt10shared_ptrIN2xt10xbroadcastINS0_7xscalarIdEESt5arrayImLm1EEEEEC2EDn
FNDA:0,_ZNSt10shared_ptrIN2xt10xbroadcastINS0_7xscalarIdEESt5arrayImLm1EEEEEC2EDn
FN:357,_ZNSt10shared_ptrIN2xt10xgeneratorINS0_6detail7fn_implINS2_6eye_fnIbEEEEbSt6vectorImSaImEEEEEC2EDn
FNDA:0,_ZNSt10shared_ptrIN2xt10xgeneratorINS0_6detail7fn_implINS2_6eye_fnIbEEEEbSt6vectorImSaImEEEEEC2EDn
FN:357,_ZNSt10shared_ptrIN2xt16xarray_containerINS0_7uvectorIdSaIdEEELNS0_11layout_typeE1ENS0_7svectorImLm4ESaImELb1EEENS0_22xtensor_expression_tagEEEEC2EDn
FNDA:0,_ZNSt10shared_ptrIN2xt16xarray_containerINS0_7uvectorIdSaIdEEELNS0_11layout_typeE1ENS0_7svectorImLm4ESaImELb1EEENS0_22xtensor_expression_tagEEEEC2EDn
FN:357,_ZNSt10shared_ptrIN2xt10xgeneratorINS0_6detail7fn_implINS2_7diag_fnIRNS0_16xarray_containerINS0_7uvectorIdSaIdEEELNS0_11layout_typeE1ENS0_7svectorImLm4ESaImELb1EEENS0_22xtensor_expression_tagEEEEEEEdSt5arrayImLm2EEEEEC2EDn
FNDA:0,_ZNSt10shared_ptrIN2xt10xgeneratorINS0_6detail7fn_implINS2_7diag_fnIRNS0_16xarray_containerINS0_7uvectorIdSaIdEEELNS0_11layout_typeE1ENS0_7svectorImLm4ESaImELb1EEENS0_22xtensor_expression_tagEEEEEEEdSt5arrayImLm2EEEEEC2EDn
FN:383,_ZNSt10shared_ptrIN2xt16xarray_containerINS0_7uvectorIdSaIdEEELNS0_11layout_typeE1ENS0_7svectorImLm4ESaImELb1EEENS0_22xtensor_expression_tagEEEEaSEOSB_
FNDA:0,_ZNSt10shared_ptrIN2xt16xarray_containerINS0_7uvectorIdSaIdEEELNS0_11layout_typeE1ENS0_7svectorImLm4ESaImELb1EEENS0_22xtensor_expression_tagEEEEaSEOSB_
DA:148,0
DA:148,0
DA:148,0
DA:148,0
DA:148,0
DA:148,0
DA:148,0
DA:304,0
DA:305,0
DA:357,0
DA:357,0
DA:357,0
DA:357,0
DA:357,0
DA:357,0
DA:357,0
DA:383,0
DA:385,0
DA:386,0
end_of_record
SF:/workspace/.xmake/packages/x/xtensor/0.24.3/7589bb6431db4fba90e4d138dda37226/include/xtensor/xexception.hpp
FN:62,_ZN2xt15broadcast_errorC2EPKc
FNDA:0,_ZN2xt15broadcast_errorC2EPKc
FN:95,_ZN2xt6detail19shape_error_messageINS_7svectorImLm4ESaImELb1EEES4_EENSt7__cxx1112basic_stringIcSt11char_traitsIcESaIcEEERKT_RKT0_
FNDA:0,_ZN2xt6detail19shape_error_messageINS_7svectorImLm4ESaImELb1EEES4_EENSt7__cxx1112basic_stringIcSt11char_traitsIcESaIcEEERKT_RKT0_
FN:95,_ZN2xt6detail19shape_error_messageISt5arrayImLm1EES2_ImLm0EEEENSt7__cxx1112basic_stringIcSt11char_traitsIcESaIcEEERKT_RKT0_
FNDA:0,_ZN2xt6detail19shape_error_messageISt5arrayImLm1EES2_ImLm0EEEENSt7__cxx1112basic_stringIcSt11char_traitsIcESaIcEEERKT_RKT0_
FN:123,_ZN2xt21throw_broadcast_errorINS_7svectorImLm4ESaImELb1EEES3_EEvRKT_RKT0_
FNDA:0,_ZN2xt21throw_broadcast_errorINS_7svectorImLm4ESaImELb1EEES3_EEvRKT_RKT0_
FN:123,_ZN2xt21throw_broadcast_errorISt5arrayImLm1EES1_ImLm0EEEEvRKT_RKT0_
FNDA:0,_ZN2xt21throw_broadcast_errorISt5arrayImLm1EES1_ImLm0EEEEvRKT_RKT0_
DA:62,0
DA:63,0
DA:65,0
DA:95,0
DA:97,0
DA:99,0
DA:101,0
DA:102,0
DA:104,0
DA:106,0
DA:107,0
DA:108,0
DA:110,0
DA:111,0
DA:95,0
DA:97,0
DA:99,0
DA:101,0
DA:102,0
DA:104,0
DA:106,0
DA:107,0
DA:108,0
DA:110,0
DA:111,0
DA:123,0
DA:125,0
DA:126,0
DA:127,0
DA:123,0
DA:125,0
DA:126,0
DA:127,0
end_of_record
SF:/usr/include/c++/11/bits/allocator.h
FN:144,_ZNSaIdEC2Ev
FNDA:0,_ZNSaIdEC2Ev
FN:144,_ZNSaIlEC2Ev
FNDA:0,_ZNSaIlEC2Ev
FN:144,_ZNSaImEC2Ev
FNDA:0,_ZNSaImEC2Ev
FN:147,_ZNSaIlEC2ERKS_
FNDA:0,_ZNSaIlEC2ERKS_
FN:147,_ZNSaImEC2ERKS_
FNDA:0,_ZNSaImEC2ERKS_
FN:147,_ZNSaIdEC2ERKS_
FNDA:0,_ZNSaIdEC2ERKS_
FN:162,_ZNSaIdED2Ev
FNDA:0,_ZNSaIdED2Ev
FN:162,_ZNSaIlED2Ev
FNDA:0,_ZNSaIlED2Ev
FN:162,_ZNSaImED2Ev
FNDA:0,_ZNSaImED2Ev
DA:144,0
DA:144,0
DA:144,0
DA:147,0
DA:148,0
DA:147,0
DA:148,0
DA:147,0
DA:148,0
DA:162,0
DA:162,0
DA:162,0
DA:170,0
DA:171,0
DA:173,0
DA:181,0
DA:183,0
DA:184,0
DA:187,0
end_of_record
SF:/workspace/.xmake/packages/x/xtensor/0.24.3/7589bb6431db4fba90e4d138dda37226/include/xtensor/xoperation.hpp
FN:108,_ZNK2xt6detail5minusclIRKddEEDaOT_OT0_
FNDA:0,_ZNK2xt6detail5minusclIRKddEEDaOT_OT0_
FN:109,_ZNK2xt6detail10multipliesclIRKdS4_EEDaOT_OT0_
FNDA:0,_ZNK2xt6detail10multipliesclIRKdS4_EEDaOT_OT0_
FN:198,_ZN2xt6detail14make_xfunctionINS0_5minusEJRNS_16xarray_containerINS_7uvectorIdSaIdEEELNS_11layout_typeE1ENS_7svectorImLm4ESaImELb1EEENS_22xtensor_expression_tagEEERKNS_9xfunctionINS0_10multipliesEJNS_7xscalarIdEERKSC_EEEEEEDaDpOT0_
FNDA:0,_ZN2xt6detail14make_xfunctionINS0_5minusEJRNS_16xarray_containerINS_7uvectorIdSaIdEEELNS_11layout_typeE1ENS_7svectorImLm4ESaImELb1EEENS_22xtensor_expression_tagEEERKNS_9xfunctionINS0_10multipliesEJNS_7xscalarIdEERKSC_EEEEEEDaDpOT0_
FN:198,_ZN2xt6detail14make_xfunctionINS0_10multipliesEJdRNS_16xarray_containerINS_7uvectorIdSaIdEEELNS_11layout_typeE1ENS_7svectorImLm4ESaImELb1EEENS_22xtensor_expression_tagEEEEEEDaDpOT0_
FNDA:0,_ZN2xt6detail14make_xfunctionINS0_10multipliesEJdRNS_16xarray_containerINS_7uvectorIdSaIdEEELNS_11layout_typeE1ENS_7svectorImLm4ESaImELb1EEENS_22xtensor_expression_tagEEEEEEDaDpOT0_
FN:286,_ZN2xtmiIRNS_16xarray_containerINS_7uvectorIdSaIdEEELNS_11layout_typeE1ENS_7svectorImLm4ESaImELb1EEENS_22xtensor_expression_tagEEERKNS_9xfunctionINS_6detail10multipliesEJNS_7xscalarIdEERKSA_EEEEENSt11enable_if_t4typeEOT_OT0_
FNDA:0,_ZN2xtmiIRNS_16xarray_containerINS_7uvectorIdSaIdEEELNS_11layout_typeE1ENS_7svectorImLm4ESaImELb1EEENS_22xtensor_expression_tagEEERKNS_9xfunctionINS_6detail10multipliesEJNS_7xscalarIdEERKSA_EEEEENSt11enable_if_t4typeEOT_OT0_
FN:303,_ZN2xtmlIdRNS_16xarray_containerINS_7uvectorIdSaIdEEELNS_11layout_typeE1ENS_7svectorImLm4ESaImELb1EEENS_22xtensor_expression_tagEEEEENSt11enable_if_t4typeEOT_OT0_
FNDA:0,_ZN2xtmlIdRNS_16xarray_containerINS_7uvectorIdSaIdEEELNS_11layout_typeE1ENS_7svectorImLm4ESaImELb1EEENS_22xtensor_expression_tagEEEEENSt11enable_if_t4typeEOT_OT0_
DA:108,0
DA:109,0
DA:198,0
DA:203,0
DA:198,0
DA:203,0
DA:286,0
DA:289,0
DA:303,0
DA:306,0
end_of_record
SF:/workspace/.xmake/packages/x/xtensor/0.24.3/7589bb6431db4fba90e4d138dda37226/include/xtensor/xbuilder.hpp
FN:72,_ZN2xt5zerosIdmLm1EEEDaRAT1__KT0_
FNDA:0,_ZN2xt5zerosIdmLm1EEEDaRAT1__KT0_
FN:329,_ZN2xt6detail7fn_implINS0_6eye_fnIbEEEC2EOS3_
FNDA:0,_ZN2xt6detail7fn_implINS0_6eye_fnIbEEEC2EOS3_
FN:329,_ZN2xt6detail7fn_implINS0_7diag_fnIRNS_16xarray_containerINS_7uvectorIdSaIdEEELNS_11layout_typeE1ENS_7svectorImLm4ESaImELb1EEENS_22xtensor_expression_tagEEEEEEC2EOSE_
FNDA:0,_ZN2xt6detail7fn_implINS0_7diag_fnIRNS_16xarray_containerINS_7uvectorIdSaIdEEELNS_11layout_typeE1ENS_7svectorImLm4ESaImELb1EEENS_22xtensor_expression_tagEEEEEEC2EOSE_
FN:348,_ZNK2xt6detail7fn_implINS0_6eye_fnIbEEE7elementINS_17xbounded_iteratorIPKmN9__gnu_cxx17__normal_iteratorIS8_St6vectorImSaImEEEEEEEEbT_SG_
FNDA:0,_ZNK2xt6detail7fn_implINS0_6eye_fnIbEEE7elementINS_17xbounded_iteratorIPKmN9__gnu_cxx17__normal_iteratorIS8_St6vectorImSaImEEEEEEEEbT_SG_
FN:348,_ZNK2xt6detail7fn_implINS0_7diag_fnIRNS_16xarray_containerINS_7uvectorIdSaIdEEELNS_11layout_typeE1ENS_7svectorImLm4ESaImELb1EEENS_22xtensor_expression_tagEEEEEE7elementINS_17xbounded_iteratorIPKmSJ_EEEEdT_SL_
FNDA:0,_ZNK2xt6detail7fn_implINS0_7diag_fnIRNS_16xarray_containerINS_7uvectorIdSaIdEEELNS_11layout_typeE1ENS_7svectorImLm4ESaImELb1EEENS_22xtensor_expression_tagEEEEEE7elementINS_17xbounded_iteratorIPKmSJ_EEEEdT_SL_
FN:357,_ZNK2xt6detail7fn_implINS0_6eye_fnIbEEE11access_implINS_17xbounded_iteratorIPKmN9__gnu_cxx17__normal_iteratorIS8_St6vectorImSaImEEEEEEEEbRKT_SI_
FNDA:0,_ZNK2xt6detail7fn_implINS0_6eye_fnIbEEE11access_implINS_17xbounded_iteratorIPKmN9__gnu_cxx17__normal_iteratorIS8_St6vectorImSaImEEEEEEEEbRKT_SI_
FN:357,_ZNK2xt6detail7fn_implINS0_7diag_fnIRNS_16xarray_containerINS_7uvectorIdSaIdEEELNS_11layout_typeE1ENS_7svectorImLm4ESaImELb1EEENS_22xtensor_expression_tagEEEEEE11access_implINS_17xbounded_iteratorIPKmSJ_EEEEdRKT_SN_
FNDA:0,_ZNK2xt6detail7fn_implINS0_7diag_fnIRNS_16xarray_containerINS_7uvectorIdSaIdEEELNS_11layout_typeE1ENS_7svectorImLm4ESaImELb1EEENS_22xtensor_expression_tagEEEEEE11access_implINS_17xbounded_iteratorIPKmSJ_EEEEdRKT_SN_
FN:370,_ZN2xt6detail6eye_fnIbEC2Ei
FNDA:0,_ZN2xt6detail6eye_fnIbEC2Ei
FN:376,_ZNK2xt6detail6eye_fnIbEclINS_17xbounded_iteratorIPKmN9__gnu_cxx17__normal_iteratorIS6_St6vectorImSaImEEEEEEEEbRKT_SG_
FNDA:0,_ZNK2xt6detail6eye_fnIbEclINS_17xbounded_iteratorIPKmN9__gnu_cxx17__normal_iteratorIS6_St6vectorImSaImEEEEEEEEbRKT_SG_
FN:398,_ZN2xt3eyeIbEEDaRKSt6vectorImSaImEEi
FNDA:0,_ZN2xt3eyeIbEEDaRKSt6vectorImSaImEEi
FN:413,_ZN2xt3eyeIbEEDami
FNDA:0,_ZN2xt3eyeIbEEDami
FN:979,_ZN2xt6detail7diag_fnIRNS_16xarray_containerINS_7uvectorIdSaIdEEELNS_11layout_typeE1ENS_7svectorImLm4ESaImELb1EEENS_22xtensor_expression_tagEEEEC2ISC_EEOT_i
FNDA:0,_ZN2xt6detail7diag_fnIRNS_16xarray_containerINS_7uvectorIdSaIdEEELNS_11layout_typeE1ENS_7svectorImLm4ESaImELb1EEENS_22xtensor_expression_tagEEEEC2ISC_EEOT_i
FN:985,_ZNK2xt6detail7diag_fnIRNS_16xarray_containerINS_7uvectorIdSaIdEEELNS_11layout_typeE1ENS_7svectorImLm4ESaImELb1EEENS_22xtensor_expression_tagEEEEclINS_17xbounded_iteratorIPKmSH_EEEEdT_SJ_
FNDA:0,_ZNK2xt6detail7diag_fnIRNS_16xarray_containerINS_7uvectorIdSaIdEEELNS_11layout_typeE1ENS_7svectorImLm4ESaImELb1EEENS_22xtensor_expression_tagEEEEclINS_17xbounded_iteratorIPKmSH_EEEEdT_SJ_
FN:1124,_ZN2xt4diagIRNS_16xarray_containerINS_7uvectorIdSaIdEEELNS_11layout_typeE1ENS_7svectorImLm4ESaImELb1EEENS_22xtensor_expression_tagEEEEEDaOT_i
FNDA:0,_ZN2xt4diagIRNS_16xarray_containerINS_7uvectorIdSaIdEEELNS_11layout_typeE1ENS_7svectorImLm4ESaImELb1EEENS_22xtensor_expression_tagEEEEEDaOT_i
DA:72,0
DA:74,0
DA:329,0
DA:330,0
DA:332,0
DA:329,0
DA:330,0
DA:332,0
DA:348,0
DA:350,0
DA:348,0
DA:350,0
DA:357,0
DA:359,0
DA:357,0
DA:359,0
DA:370,0
DA:371,0
DA:373,0
DA:376,0
DA:379,0
DA:398,0
DA:400,0
DA:413,0
DA:415,0
DA:979,0
DA:980,0
DA:982,0
DA:985,0
DA:988,0
DA:989,0
DA:991,0
DA:995,0
DA:1124,0
DA:1127,0
DA:1128,0
DA:1129,0
DA:1130,0
end_of_record
SF:/usr/include/c++/11/bits/stl_construct.h
FN:80,_ZSt10destroy_atImEvPT_
FNDA:0,_ZSt10destroy_atImEvPT_
FN:135,_ZSt8_DestroyImEvPT_
FNDA:0,_ZSt8_DestroyImEvPT_
FN:149,_ZNSt12_Destroy_auxILb0EE9__destroyIPmEEvT_S3_
FNDA:0,_ZNSt12_Destroy_auxILb0EE9__destroyIPmEEvT_S3_
FN:161,_ZNSt12_Destroy_auxILb1EE9__destroyIPmEEvT_S3_
FNDA:0,_ZNSt12_Destroy_auxILb1EE9__destroyIPmEEvT_S3_
FN:171,_ZSt8_DestroyIPmEvT_S1_
FNDA:0,_ZSt8_DestroyIPmEvT_S1_
DA:80,0
DA:88,0
DA:89,0
DA:135,0
DA:138,0
DA:142,0
DA:149,0
DA:151,0
DA:152,0
DA:153,0
DA:161,0
DA:171,0
DA:181,0
DA:182,0
DA:185,0
end_of_record
SF:/usr/include/c++/11/bits/cpp_type_traits.h
FN:560,_ZSt12__miter_baseIN9__gnu_cxx17__normal_iteratorIPKmSt6vectorImSaImEEEEET_S8_
FNDA:0,_ZSt12__miter_baseIN9__gnu_cxx17__normal_iteratorIPKmSt6vectorImSaImEEEEET_S8_
FN:560,_ZSt12__miter_baseIPlET_S1_
FNDA:0,_ZSt12__miter_baseIPlET_S1_
FN:560,_ZSt12__miter_baseIPmET_S1_
FNDA:0,_ZSt12__miter_baseIPmET_S1_
FN:560,_ZSt12__miter_baseIPKmET_S2_
FNDA:0,_ZSt12__miter_baseIPKmET_S2_
FN:560,_ZSt12__miter_baseIPKcET_S2_
FNDA:0,_ZSt12__miter_baseIPKcET_S2_
DA:560,0
DA:561,0
DA:560,0
DA:561,0
DA:560,0
DA:561,0
DA:560,0
DA:561,0
DA:560,0
DA:561,0
end_of_record
SF:/usr/include/c++/11/bits/ptr_traits.h
FN:146,_ZNSt14pointer_traitsIPKcE10pointer_toERS0_
FNDA:0,_ZNSt14pointer_traitsIPKcE10pointer_toERS0_
FN:146,_ZNSt14pointer_traitsIPcE10pointer_toERc
FNDA:0,_ZNSt14pointer_traitsIPcE10pointer_toERc
DA:146,0
DA:147,0
DA:146,0
DA:147,0
end_of_record
SF:/workspace/.xmake/packages/x/xtensor/0.24.3/7589bb6431db4fba90e4d138dda37226/include/xtensor/xstorage.hpp
FN:172,_ZN2xt6detail18safe_init_allocateISaIdEEENSt16allocator_traitsIT_E7pointerERS4_NS5_9size_typeE
FNDA:0,_ZN2xt6detail18safe_init_allocateISaIdEEENSt16allocator_traitsIT_E7pointerERS4_NS5_9size_typeE
FN:189,_ZN2xt6detail23safe_destroy_deallocateISaIdEEEvRT_NSt16allocator_traitsIS3_E7pointerENS6_9size_typeE
FNDA:0,_ZN2xt6detail23safe_destroy_deallocateISaIdEEEvRT_NSt16allocator_traitsIS3_E7pointerENS6_9size_typeE
FN:189,_ZN2xt6detail23safe_destroy_deallocateISaIlEEEvRT_NSt16allocator_traitsIS3_E7pointerENS6_9size_typeE
FNDA:0,_ZN2xt6detail23safe_destroy_deallocateISaIlEEEvRT_NSt16allocator_traitsIS3_E7pointerENS6_9size_typeE
FN:189,_ZN2xt6detail23safe_destroy_deallocateISaImEEEvRT_NSt16allocator_traitsIS3_E7pointerENS6_9size_typeE
FNDA:0,_ZN2xt6detail23safe_destroy_deallocateISaImEEEvRT_NSt16allocator_traitsIS3_E7pointerENS6_9size_typeE
FN:223,_ZN2xt7uvectorIdSaIdEE11resize_implEm
FNDA:0,_ZN2xt7uvectorIdSaIdEE11resize_implEm
FN:236,_ZN2xt7uvectorIdSaIdEEC2Ev
FNDA:0,_ZN2xt7uvectorIdSaIdEEC2Ev
FN:242,_ZN2xt7uvectorIdSaIdEEC2ERKS1_
FNDA:0,_ZN2xt7uvectorIdSaIdEEC2ERKS1_
FN:286,_ZN2xt7uvectorIdSaIdEED2Ev
FNDA:0,_ZN2xt7uvectorIdSaIdEED2Ev
FN:329,_ZN2xt7uvectorIdSaIdEEC2EOS2_
FNDA:0,_ZN2xt7uvectorIdSaIdEEC2EOS2_
FN:345,_ZN2xt7uvectorIdSaIdEEaSEOS2_
FNDA:0,_ZN2xt7uvectorIdSaIdEEaSEOS2_
FN:367,_ZNK2xt7uvectorIdSaIdEE4sizeEv
FNDA:0,_ZNK2xt7uvectorIdSaIdEE4sizeEv
FN:373,_ZN2xt7uvectorIdSaIdEE6resizeEm
FNDA:0,_ZN2xt7uvectorIdSaIdEE6resizeEm
FN:407,_ZN2xt7uvectorIdSaIdEEixEm
FNDA:0,_ZN2xt7uvectorIdSaIdEEixEm
FN:413,_ZNK2xt7uvectorIdSaIdEEixEm
FNDA:0,_ZNK2xt7uvectorIdSaIdEEixEm
FN:471,_ZN2xt7uvectorIdSaIdEE5beginEv
FNDA:0,_ZN2xt7uvectorIdSaIdEE5beginEv
FN:477,_ZN2xt7uvectorIdSaIdEE3endEv
FNDA:0,_ZN2xt7uvectorIdSaIdEE3endEv
FN:483,_ZNK2xt7uvectorIdSaIdEE5beginEv
FNDA:0,_ZNK2xt7uvectorIdSaIdEE5beginEv
FN:495,_ZNK2xt7uvectorIdSaIdEE6cbeginEv
FNDA:0,_ZNK2xt7uvectorIdSaIdEE6cbeginEv
FN:749,_ZN2xt7svectorIlLm4ESaIlELb1EED2Ev
FNDA:0,_ZN2xt7svectorIlLm4ESaIlELb1EED2Ev
FN:749,_ZN2xt7svectorImLm4ESaImELb1EED2Ev
FNDA:0,_ZN2xt7svectorImLm4ESaImELb1EED2Ev
FN:758,_ZN2xt7svectorImLm4ESaImELb1EEC2Ev
FNDA:0,_ZN2xt7svectorImLm4ESaImELb1EEC2Ev
FN:758,_ZN2xt7svectorIlLm4ESaIlELb1EEC2Ev
FNDA:0,_ZN2xt7svectorIlLm4ESaIlELb1EEC2Ev
FN:764,_ZN2xt7svectorIlLm4ESaIlELb1EEC2ERKS1_
FNDA:0,_ZN2xt7svectorIlLm4ESaIlELb1EEC2ERKS1_
FN:764,_ZN2xt7svectorImLm4ESaImELb1EEC2ERKS1_
FNDA:0,_ZN2xt7svectorImLm4ESaImELb1EEC2ERKS1_
FN:785,_ZN2xt7svectorImLm4ESaImELb1EEC2IPKmvEET_S6_RKS1_
FNDA:0,_ZN2xt7svectorImLm4ESaImELb1EEC2IPKmvEET_S6_RKS1_
FN:785,_ZN2xt7svectorImLm4ESaImELb1EEC2IN9__gnu_cxx17__normal_iteratorIPKmSt6vectorImS1_EEEvEET_SB_RKS1_
FNDA:0,_ZN2xt7svectorImLm4ESaImELb1EEC2IN9__gnu_cxx17__normal_iteratorIPKmSt6vectorImS1_EEEvEET_SB_RKS1_
FN:806,_ZN2xt7svectorImLm4ESaImELb1EEC2EmRKmRKS1_
FNDA:0,_ZN2xt7svectorImLm4ESaImELb1EEC2EmRKmRKS1_
FN:806,_ZN2xt7svectorIlLm4ESaIlELb1EEC2EmRKlRKS1_
FNDA:0,_ZN2xt7svectorIlLm4ESaIlELb1EEC2EmRKlRKS1_
FN:827,_ZN2xt7svectorImLm4ESaImELb1EEaSEOS2_
FNDA:0,_ZN2xt7svectorImLm4ESaImELb1EEaSEOS2_
FN:827,_ZN2xt7svectorIlLm4ESaIlELb1EEaSEOS2_
FNDA:0,_ZN2xt7svectorIlLm4ESaIlELb1EEaSEOS2_
FN:858,_ZN2xt7svectorImLm4ESaImELb1EEC2ERKS2_
FNDA:0,_ZN2xt7svectorImLm4ESaImELb1EEC2ERKS2_
FN:865,_ZN2xt7svectorIlLm4ESaIlELb1EEC2EOS2_
FNDA:0,_ZN2xt7svectorIlLm4ESaIlELb1EEC2EOS2_
FN:865,_ZN2xt7svectorImLm4ESaImELb1EEC2EOS2_
FNDA:0,_ZN2xt7svectorImLm4ESaImELb1EEC2EOS2_
FN:871,_ZN2xt7svectorImLm4ESaImELb1EE6assignEmRKm
FNDA:0,_ZN2xt7svectorImLm4ESaImELb1EE6assignEmRKm
FN:871,_ZN2xt7svectorIlLm4ESaIlELb1EE6assignEmRKl
FNDA:0,_ZN2xt7svectorIlLm4ESaIlELb1EE6assignEmRKl
FN:890,_ZN2xt7svectorImLm4ESaImELb1EE6assignIN9__gnu_cxx17__normal_iteratorIPKmSt6vectorImS1_EEEEEvT_SB_
FNDA:0,_ZN2xt7svectorImLm4ESaImELb1EE6assignIN9__gnu_cxx17__normal_iteratorIPKmSt6vectorImS1_EEEEEvT_SB_
FN:890,_ZN2xt7svectorImLm4ESaImELb1EE6assignIPmEEvT_S5_
FNDA:0,_ZN2xt7svectorImLm4ESaImELb1EE6assignIPmEEvT_S5_
FN:890,_ZN2xt7svectorImLm4ESaImELb1EE6assignIPKmEEvT_S6_
FNDA:0,_ZN2xt7svectorImLm4ESaImELb1EE6assignIPKmEEvT_S6_
FN:890,_ZN2xt7svectorIlLm4ESaIlELb1EE6assignIPlEEvT_S5_
FNDA:0,_ZN2xt7svectorIlLm4ESaIlELb1EE6assignIPlEEvT_S5_
FN:902,_ZN2xt7svectorIlLm4ESaIlELb1EEixEm
FNDA:0,_ZN2xt7svectorIlLm4ESaIlELb1EEixEm
FN:902,_ZN2xt7svectorImLm4ESaImELb1EEixEm
FNDA:0,_ZN2xt7svectorImLm4ESaImELb1EEixEm
FN:908,_ZNK2xt7svectorIlLm4ESaIlELb1EEixEm
FNDA:0,_ZNK2xt7svectorIlLm4ESaIlELb1EEixEm
FN:908,_ZNK2xt7svectorImLm4ESaImELb1EEixEm
FNDA:0,_ZNK2xt7svectorImLm4ESaImELb1EEixEm
FN:942,_ZN2xt7svectorIlLm4ESaIlELb1EE6resizeEm
FNDA:0,_ZN2xt7svectorIlLm4ESaIlELb1EE6resizeEm
FN:942,_ZN2xt7svectorImLm4ESaImELb1EE6resizeEm
FNDA:0,_ZN2xt7svectorImLm4ESaImELb1EE6resizeEm
FN:963,_ZNK2xt7svectorIlLm4ESaIlELb1EE8capacityEv
FNDA:0,_ZNK2xt7svectorIlLm4ESaIlELb1EE8capacityEv
FN:963,_ZNK2xt7svectorImLm4ESaImELb1EE8capacityEv
FNDA:0,_ZNK2xt7svectorImLm4ESaImELb1EE8capacityEv
FN:1016,_ZN2xt7svectorIlLm4ESaIlELb1EE5beginEv
FNDA:0,_ZN2xt7svectorIlLm4ESaIlELb1EE5beginEv
FN:1016,_ZN2xt7svectorImLm4ESaImELb1EE5beginEv
FNDA:0,_ZN2xt7svectorImLm4ESaImELb1EE5beginEv
FN:1022,_ZNK2xt7svectorIlLm4ESaIlELb1EE5beginEv
FNDA:0,_ZNK2xt7svectorIlLm4ESaIlELb1EE5beginEv
FN:1022,_ZNK2xt7svectorImLm4ESaImELb1EE5beginEv
FNDA:0,_ZNK2xt7svectorImLm4ESaImELb1EE5beginEv
FN:1028,_ZNK2xt7svectorIlLm4ESaIlELb1EE6cbeginEv
FNDA:0,_ZNK2xt7svectorIlLm4ESaIlELb1EE6cbeginEv
FN:1028,_ZNK2xt7svectorImLm4ESaImELb1EE6cbeginEv
FNDA:0,_ZNK2xt7svectorImLm4ESaImELb1EE6cbeginEv
FN:1034,_ZN2xt7svectorImLm4ESaImELb1EE3endEv
FNDA:0,_ZN2xt7svectorImLm4ESaImELb1EE3endEv
FN:1034,_ZN2xt7svectorIlLm4ESaIlELb1EE3endEv
FNDA:0,_ZN2xt7svectorIlLm4ESaIlELb1EE3endEv
FN:1040,_ZNK2xt7svectorImLm4ESaImELb1EE3endEv
FNDA:0,_ZNK2xt7svectorImLm4ESaImELb1EE3endEv
FN:1046,_ZNK2xt7svectorImLm4ESaImELb1EE4cendEv
FNDA:0,_ZNK2xt7svectorImLm4ESaImELb1EE4cendEv
FN:1046,_ZNK2xt7svectorIlLm4ESaIlELb1EE4cendEv
FNDA:0,_ZNK2xt7svectorIlLm4ESaIlELb1EE4cendEv
FN:1088,_ZNK2xt7svectorImLm4ESaImELb1EE4sizeEv
FNDA:0,_ZNK2xt7svectorImLm4ESaImELb1EE4sizeEv
FN:1088,_ZNK2xt7svectorIlLm4ESaIlELb1EE4sizeEv
FNDA:0,_ZNK2xt7svectorIlLm4ESaIlELb1EE4sizeEv
FN:1094,_ZNK2xt7svectorIlLm4ESaIlELb1EE5emptyEv
FNDA:0,_ZNK2xt7svectorIlLm4ESaIlELb1EE5emptyEv
FN:1107,_ZNK2xt7svectorIlLm4ESaIlELb1EE5frontEv
FNDA:0,_ZNK2xt7svectorIlLm4ESaIlELb1EE5frontEv
FN:1121,_ZNK2xt7svectorIlLm4ESaIlELb1EE4backEv
FNDA:0,_ZNK2xt7svectorIlLm4ESaIlELb1EE4backEv
FN:1128,_ZN2xt7svectorIlLm4ESaIlELb1EE8on_stackEv
FNDA:0,_ZN2xt7svectorIlLm4ESaIlELb1EE8on_stackEv
FN:1128,_ZN2xt7svectorImLm4ESaImELb1EE8on_stackEv
FNDA:0,_ZN2xt7svectorImLm4ESaImELb1EE8on_stackEv
FN:1134,_ZNK2xt7svectorImLm4ESaImELb1EE13get_allocatorEv
FNDA:0,_ZNK2xt7svectorImLm4ESaImELb1EE13get_allocatorEv
FN:1225,_ZN2xt7svectorImLm4ESaImELb1EE13destroy_rangeEPmS3_
FNDA:0,_ZN2xt7svectorImLm4ESaImELb1EE13destroy_rangeEPmS3_
FN:1225,_ZN2xt7svectorIlLm4ESaIlELb1EE13destroy_rangeEPlS3_
FNDA:0,_ZN2xt7svectorIlLm4ESaIlELb1EE13destroy_rangeEPlS3_
FN:1239,_ZN2xt7svectorImLm4ESaImELb1EE4swapILm4ES1_Lb1EEEvRNS0_ImXT_ET0_XT1_EEE
FNDA:0,_ZN2xt7svectorImLm4ESaImELb1EE4swapILm4ES1_Lb1EEEvRNS0_ImXT_ET0_XT1_EEE
FN:1239,_ZN2xt7svectorIlLm4ESaIlELb1EE4swapILm4ES1_Lb1EEEvRNS0_IlXT_ET0_XT1_EEE
FNDA:0,_ZN2xt7svectorIlLm4ESaIlELb1EE4swapILm4ES1_Lb1EEEvRNS0_IlXT_ET0_XT1_EEE
FN:1291,_ZN2xt7svectorImLm4ESaImELb1EE4growEm
FNDA:0,_ZN2xt7svectorImLm4ESaImELb1EE4growEm
FN:1291,_ZN2xt7svectorIlLm4ESaIlELb1EE4growEm
FNDA:0,_ZN2xt7svectorIlLm4ESaIlELb1EE4growEm
DA:172,0
DA:177,0
DA:185,0
DA:189,0
DA:195,0
DA:204,0
DA:206,0
DA:189,0
DA:195,0
DA:204,0
DA:206,0
DA:189,0
DA:195,0
DA:204,0
DA:206,0
DA:223,0
DA:225,0
DA:226,0
DA:227,0
DA:229,0
DA:230,0
DA:231,0
DA:233,0
DA:236,0
DA:237,0
DA:239,0
DA:242,0
DA:243,0
DA:245,0
DA:286,0
DA:288,0
DA:289,0
DA:290,0
DA:291,0
DA:329,0
DA:330,0
DA:332,0
DA:333,0
DA:334,0
DA:345,0
DA:348,0
DA:349,0
DA:350,0
DA:351,0
DA:352,0
DA:367,0
DA:369,0
DA:373,0
DA:375,0
DA:376,0
DA:407,0
DA:409,0
DA:413,0
DA:415,0
DA:471,0
DA:473,0
DA:477,0
DA:479,0
DA:483,0
DA:485,0
DA:495,0
DA:497,0
DA:749,0
DA:751,0
DA:753,0
DA:755,0
DA:749,0
DA:751,0
DA:753,0
DA:755,0
DA:758,0
DA:759,0
DA:761,0
DA:758,0
DA:759,0
DA:761,0
DA:764,0
DA:765,0
DA:767,0
DA:764,0
DA:765,0
DA:767,0
DA:785,0
DA:786,0
DA:788,0
DA:789,0
DA:785,0
DA:786,0
DA:788,0
DA:789,0
DA:806,0
DA:807,0
DA:809,0
DA:810,0
DA:806,0
DA:807,0
DA:809,0
DA:810,0
DA:827,0
DA:830,0
DA:831,0
DA:827,0
DA:830,0
DA:831,0
DA:858,0
DA:859,0
DA:861,0
DA:862,0
DA:865,0
DA:867,0
DA:868,0
DA:865,0
DA:867,0
DA:868,0
DA:871,0
DA:873,0
DA:875,0
DA:877,0
DA:878,0
DA:879,0
DA:871,0
DA:873,0
DA:875,0
DA:877,0
DA:878,0
DA:879,0
DA:890,0
DA:892,0
DA:893,0
DA:895,0
DA:897,0
DA:898,0
DA:899,0
DA:890,0
DA:892,0
DA:893,0
DA:895,0
DA:897,0
DA:898,0
DA:899,0
DA:890,0
DA:892,0
DA:893,0
DA:895,0
DA:897,0
DA:898,0
DA:899,0
DA:890,0
DA:892,0
DA:893,0
DA:895,0
DA:897,0
DA:898,0
DA:899,0
DA:902,0
DA:904,0
DA:902,0
DA:904,0
DA:908,0
DA:910,0
DA:908,0
DA:910,0
DA:942,0
DA:944,0
DA:946,0
DA:948,0
DA:949,0
DA:950,0
DA:952,0
DA:954,0
DA:942,0
DA:944,0
DA:946,0
DA:948,0
DA:949,0
DA:950,0
DA:952,0
DA:954,0
DA:963,0
DA:965,0
DA:963,0
DA:965,0
DA:1016,0
DA:1018,0
DA:1016,0
DA:1018,0
DA:1022,0
DA:1024,0
DA:1022,0
DA:1024,0
DA:1028,0
DA:1030,0
DA:1028,0
DA:1030,0
DA:1034,0
DA:1036,0
DA:1034,0
DA:1036,0
DA:1040,0
DA:1042,0
DA:1046,0
DA:1048,0
DA:1046,0
DA:1048,0
DA:1088,0
DA:1090,0
DA:1088,0
DA:1090,0
DA:1094,0
DA:1096,0
DA:1107,0
DA:1110,0
DA:1121,0
DA:1124,0
DA:1128,0
DA:1130,0
DA:1128,0
DA:1130,0
DA:1134,0
DA:1136,0
DA:1225,0
DA:1235,0
DA:1225,0
DA:1235,0
DA:1239,0
DA:1242,0
DA:1244,0
DA:1248,0
DA:1250,0
DA:1251,0
DA:1252,0
DA:1253,0
DA:1256,0
DA:1257,0
DA:1259,0
DA:1261,0
DA:1263,0
DA:1265,0
DA:1269,0
DA:1270,0
DA:1272,0
DA:1276,0
DA:1278,0
DA:1279,0
DA:1280,0
DA:1282,0
DA:1284,0
DA:1285,0
DA:1286,0
DA:1239,0
DA:1242,0
DA:1244,0
DA:1248,0
DA:1250,0
DA:1251,0
DA:1252,0
DA:1253,0
DA:1256,0
DA:1257,0
DA:1259,0
DA:1261,0
DA:1263,0
DA:1265,0
DA:1269,0
DA:1270,0
DA:1272,0
DA:1276,0
DA:1278,0
DA:1279,0
DA:1280,0
DA:1282,0
DA:1284,0
DA:1285,0
DA:1286,0
DA:1291,0
DA:1293,0
DA:1294,0
DA:1295,0
DA:1297,0
DA:1302,0
DA:1304,0
DA:1305,0
DA:1310,0
DA:1311,0
DA:1312,0
DA:1316,0
DA:1317,0
DA:1318,0
DA:1319,0
DA:1291,0
DA:1293,0
DA:1294,0
DA:1295,0
DA:1297,0
DA:1302,0
DA:1304,0
DA:1305,0
DA:1310,0
DA:1311,0
DA:1312,0
DA:1316,0
DA:1317,0
DA:1318,0
DA:1319,0
end_of_record
SF:/usr/include/c++/11/bits/char_traits.h
FN:106,_ZN9__gnu_cxx11char_traitsIcE2eqERKcS3_
FNDA:0,_ZN9__gnu_cxx11char_traitsIcE2eqERKcS3_
FN:167,_ZN9__gnu_cxx11char_traitsIcE6lengthEPKc
FNDA:0,_ZN9__gnu_cxx11char_traitsIcE6lengthEPKc
FN:212,_ZN9__gnu_cxx11char_traitsIcE4copyEPcPKcm
FNDA:0,_ZN9__gnu_cxx11char_traitsIcE4copyEPcPKcm
FN:328,_ZNSt11char_traitsIcE6assignERcRKc
FNDA:0,_ZNSt11char_traitsIcE6assignERcRKc
FN:365,_ZNSt11char_traitsIcE6lengthEPKc
FNDA:0,_ZNSt11char_traitsIcE6lengthEPKc
FN:401,_ZNSt11char_traitsIcE4copyEPcPKcm
FNDA:0,_ZNSt11char_traitsIcE4copyEPcPKcm
DA:106,0
DA:107,0
DA:167,0
DA:170,0
DA:171,0
DA:172,0
DA:173,0
DA:212,0
DA:216,0
DA:217,0
DA:262,0
DA:328,0
DA:329,0
DA:365,0
DA:368,0
DA:369,0
DA:371,0
DA:401,0
DA:403,0
DA:404,0
DA:406,0
DA:407,0
DA:409,0
end_of_record
SF:/workspace/.xmake/packages/x/xtensor/0.24.3/7589bb6431db4fba90e4d138dda37226/include/xtensor/xstrides.hpp
FN:117,_ZN2xt16strided_data_endINS_10xcontainerINS_16xarray_containerINS_7uvectorIdSaIdEEELNS_11layout_typeE1ENS_7svectorImLm4ESaImELb1EEENS_22xtensor_expression_tagEEEEEPKdmEET0_RKT_SF_S6_T1_
FNDA:0,_ZN2xt16strided_data_endINS_10xcontainerINS_16xarray_containerINS_7uvectorIdSaIdEEELNS_11layout_typeE1ENS_7svectorImLm4ESaImELb1EEENS_22xtensor_expression_tagEEEEEPKdmEET0_RKT_SF_S6_T1_
FN:117,_ZN2xt16strided_data_endINS_10xcontainerINS_16xarray_containerINS_7uvectorIdSaIdEEELNS_11layout_typeE1ENS_7svectorImLm4ESaImELb1EEENS_22xtensor_expression_tagEEEEEPdmEET0_RKT_SE_S6_T1_
FNDA:0,_ZN2xt16strided_data_endINS_10xcontainerINS_16xarray_containerINS_7uvectorIdSaIdEEELNS_11layout_typeE1ENS_7svectorImLm4ESaImELb1EEENS_22xtensor_expression_tagEEEEEPdmEET0_RKT_SE_S6_T1_
FN:295,_ZN2xt6detail15raw_data_offsetILm1EPKlEEDaRKT0_
FNDA:0,_ZN2xt6detail15raw_data_offsetILm1EPKlEEDaRKT0_
FN:295,_ZN2xt6detail15raw_data_offsetILm1ENS_7svectorIlLm4ESaIlELb1EEEEEDaRKT0_
FNDA:0,_ZN2xt6detail15raw_data_offsetILm1ENS_7svectorIlLm4ESaIlELb1EEEEEDaRKT0_
FN:309,_ZN2xt6detail15raw_data_offsetILm0EPKlmJEEEDaRKT0_T1_DpT2_
FNDA:0,_ZN2xt6detail15raw_data_offsetILm0EPKlmJEEEDaRKT0_T1_DpT2_
FN:309,_ZN2xt6detail15raw_data_offsetILm0ENS_7svectorIlLm4ESaIlELb1EEEmJEEEDaRKT0_T1_DpT2_
FNDA:0,_ZN2xt6detail15raw_data_offsetILm0ENS_7svectorIlLm4ESaIlELb1EEEmJEEEDaRKT0_T1_DpT2_
FN:383,_ZN2xt11data_offsetImNS_7svectorIlLm4ESaIlELb1EEEEET_RKT0_
FNDA:0,_ZN2xt11data_offsetImNS_7svectorIlLm4ESaIlELb1EEEEET_RKT0_
FN:389,_ZN2xt11data_offsetImNS_7svectorIlLm4ESaIlELb1EEEmJEEET_RKT0_T1_DpT2_
FNDA:0,_ZN2xt11data_offsetImNS_7svectorIlLm4ESaIlELb1EEEmJEEET_RKT0_T1_DpT2_
FN:423,_ZN2xt14element_offsetImNS_7svectorIlLm4ESaIlELb1EEEPKmEET_RKT0_T1_SA_
FNDA:0,_ZN2xt14element_offsetImNS_7svectorIlLm4ESaIlELb1EEEPKmEET_RKT0_T1_SA_
FN:433,_ZN2xt6detail13adapt_stridesINS_7svectorImLm4ESaImELb1EEENS2_IlLm4ESaIlELb1EEEPS6_EEvRKT_RT0_T1_NSB_9size_typeE
FNDA:0,_ZN2xt6detail13adapt_stridesINS_7svectorImLm4ESaImELb1EEENS2_IlLm4ESaIlELb1EEEPS6_EEvRKT_RT0_T1_NSB_9size_typeE
FN:454,_ZN2xt6detail15compute_stridesILNS_11layout_typeE1ENS_7svectorImLm4ESaImELb1EEENS3_IlLm4ESaIlELb1EEEPS7_EEmRKT0_S2_RT1_T2_
FNDA:0,_ZN2xt6detail15compute_stridesILNS_11layout_typeE1ENS_7svectorImLm4ESaImELb1EEENS3_IlLm4ESaIlELb1EEEPS7_EEmRKT0_S2_RT1_T2_
FN:488,_ZN2xt15compute_stridesILNS_11layout_typeE1ENS_7svectorImLm4ESaImELb1EEENS2_IlLm4ESaIlELb1EEES6_EEmRKT0_S1_RT1_RT2_
FNDA:0,_ZN2xt15compute_stridesILNS_11layout_typeE1ENS_7svectorImLm4ESaImELb1EEENS2_IlLm4ESaIlELb1EEES6_EEmRKT0_S1_RT1_RT2_
FN:642,_ZN2xt19uninitialized_shapeINS_7svectorImLm4ESaImELb1EEEmEET_T0_
FNDA:0,_ZN2xt19uninitialized_shapeINS_7svectorImLm4ESaImELb1EEEmEET_T0_
FN:650,_ZN2xt15broadcast_shapeINS_7svectorImLm4ESaImELb1EEES3_EEbRKT_RT0_
FNDA:0,_ZN2xt15broadcast_shapeINS_7svectorImLm4ESaImELb1EEES3_EEbRKT_RT0_
FN:650,_ZN2xt15broadcast_shapeISt5arrayImLm0EES1_ImLm1EEEEbRKT_RT0_
FNDA:0,_ZN2xt15broadcast_shapeISt5arrayImLm0EES1_ImLm1EEEEbRKT_RT0_
DA:117,0
DA:120,0
DA:122,0
DA:126,0
DA:128,0
DA:130,0
DA:132,0
DA:136,0
DA:138,0
DA:142,0
DA:117,0
DA:120,0
DA:122,0
DA:126,0
DA:128,0
DA:130,0
DA:132,0
DA:136,0
DA:138,0
DA:142,0
DA:295,0
DA:298,0
DA:295,0
DA:298,0
DA:309,0
DA:311,0
DA:309,0
DA:311,0
DA:383,0
DA:385,0
DA:389,0
DA:391,0
DA:392,0
DA:395,0
DA:397,0
DA:400,0
DA:410,0
DA:411,0
DA:423,0
DA:426,0
DA:427,0
DA:433,0
DA:436,0
DA:438,0
DA:440,0
DA:441,0
DA:454,0
DA:458,0
DA:461,0
DA:463,0
DA:464,0
DA:465,0
DA:477,0
DA:488,0
DA:492,0
DA:642,0
DA:646,0
DA:650,0
DA:652,0
DA:655,0
DA:656,0
DA:658,0
DA:660,0
DA:662,0
DA:667,0
DA:669,0
DA:673,0
DA:675,0
DA:676,0
DA:680,0
DA:682,0
DA:686,0
DA:688,0
DA:691,0
DA:650,0
DA:652,0
DA:655,0
DA:656,0
DA:658,0
DA:660,0
DA:662,0
DA:667,0
DA:669,0
DA:673,0
DA:675,0
DA:676,0
DA:680,0
DA:682,0
DA:686,0
DA:688,0
DA:691,0
end_of_record
SF:/workspace/.xmake/packages/x/xtl/0.7.4/879889b01c084e069706381a4e7b5489/include/xtl/xfunctional.hpp
FN:27,_ZNK3xtl8identityclIRKN2xt9xfunctionINS2_6detail10multipliesEJNS2_7xscalarIdEERKNS2_16xarray_containerINS2_7uvectorIdSaIdEEELNS2_11layout_typeE1ENS2_7svectorImLm4ESaImELb1EEENS2_22xtensor_expression_tagEEEEEEEEOT_SO_
FNDA:0,_ZNK3xtl8identityclIRKN2xt9xfunctionINS2_6detail10multipliesEJNS2_7xscalarIdEERKNS2_16xarray_containerINS2_7uvectorIdSaIdEEELNS2_11layout_typeE1ENS2_7svectorImLm4ESaImELb1EEENS2_22xtensor_expression_tagEEEEEEEEOT_SO_
FN:27,_ZNK3xtl8identityclIRKN2xt16xarray_containerINS2_7uvectorIdSaIdEEELNS2_11layout_typeE1ENS2_7svectorImLm4ESaImELb1EEENS2_22xtensor_expression_tagEEEEEOT_SG_
FNDA:0,_ZNK3xtl8identityclIRKN2xt16xarray_containerINS2_7uvectorIdSaIdEEELNS2_11layout_typeE1ENS2_7svectorImLm4ESaImELb1EEENS2_22xtensor_expression_tagEEEEEOT_SG_
FN:27,_ZNK3xtl8identityclIRKN2xt9xfunctionINS2_6detail5minusEJRKNS2_16xarray_containerINS2_7uvectorIdSaIdEEELNS2_11layout_typeE1ENS2_7svectorImLm4ESaImELb1EEENS2_22xtensor_expression_tagEEERKNS3_INS4_10multipliesEJNS2_7xscalarIdEESH_EEEEEEEEOT_SS_
FNDA:0,_ZNK3xtl8identityclIRKN2xt9xfunctionINS2_6detail5minusEJRKNS2_16xarray_containerINS2_7uvectorIdSaIdEEELNS2_11layout_typeE1ENS2_7svectorImLm4ESaImELb1EEENS2_22xtensor_expression_tagEEERKNS3_INS4_10multipliesEJNS2_7xscalarIdEESH_EEEEEEEEOT_SS_
FN:27,_ZNK3xtl8identityclIRKN2xt10xgeneratorINS2_6detail7fn_implINS4_6eye_fnIbEEEEbSt6vectorImSaImEEEEEEOT_SG_
FNDA:0,_ZNK3xtl8identityclIRKN2xt10xgeneratorINS2_6detail7fn_implINS4_6eye_fnIbEEEEbSt6vectorImSaImEEEEEEOT_SG_
FN:27,_ZNK3xtl8identityclIRN2xt16xarray_containerINS2_7uvectorIdSaIdEEELNS2_11layout_typeE1ENS2_7svectorImLm4ESaImELb1EEENS2_22xtensor_expression_tagEEEEEOT_SF_
FNDA:0,_ZNK3xtl8identityclIRN2xt16xarray_containerINS2_7uvectorIdSaIdEEELNS2_11layout_typeE1ENS2_7svectorImLm4ESaImELb1EEENS2_22xtensor_expression_tagEEEEEOT_SF_
FN:27,_ZNK3xtl8identityclIRKN2xt10xgeneratorINS2_6detail7fn_implINS4_7diag_fnIRNS2_16xarray_containerINS2_7uvectorIdSaIdEEELNS2_11layout_typeE1ENS2_7svectorImLm4ESaImELb1EEENS2_22xtensor_expression_tagEEEEEEEdSt5arrayImLm2EEEEEEOT_SQ_
FNDA:0,_ZNK3xtl8identityclIRKN2xt10xgeneratorINS2_6detail7fn_implINS4_7diag_fnIRNS2_16xarray_containerINS2_7uvectorIdSaIdEEELNS2_11layout_typeE1ENS2_7svectorImLm4ESaImELb1EEENS2_22xtensor_expression_tagEEEEEEEdSt5arrayImLm2EEEEEEOT_SQ_
FN:27,_ZNK3xtl8identityclIdEEOT_S3_
FNDA:0,_ZNK3xtl8identityclIdEEOT_S3_
FN:27,_ZNK3xtl8identityclIRN2xt20xcontiguous_iterableINS2_16xarray_containerINS2_7uvectorIdSaIdEEELNS2_11layout_typeE1ENS2_7svectorImLm4ESaImELb1EEENS2_22xtensor_expression_tagEEEEEEEOT_SH_
FNDA:0,_ZNK3xtl8identityclIRN2xt20xcontiguous_iterableINS2_16xarray_containerINS2_7uvectorIdSaIdEEELNS2_11layout_typeE1ENS2_7svectorImLm4ESaImELb1EEENS2_22xtensor_expression_tagEEEEEEEOT_SH_
FN:27,_ZNK3xtl8identityclIRKN2xt11xexpressionINS2_10xbroadcastINS2_7xscalarIdEESt5arrayImLm1EEEEEEEEOT_SE_
FNDA:0,_ZNK3xtl8identityclIRKN2xt11xexpressionINS2_10xbroadcastINS2_7xscalarIdEESt5arrayImLm1EEEEEEEEOT_SE_
DA:27,0
DA:29,0
DA:27,0
DA:29,0
DA:27,0
DA:29,0
DA:27,0
DA:29,0
DA:27,0
DA:29,0
DA:27,0
DA:29,0
DA:27,0
DA:29,0
DA:27,0
DA:29,0
DA:27,0
DA:29,0
end_of_record
SF:/usr/include/c++/11/bits/range_access.h
FN:51,_ZSt5beginIN2xt7svectorImLm4ESaImELb1EEEEDTcldtfp_5beginEERT_
FNDA:0,_ZSt5beginIN2xt7svectorImLm4ESaImELb1EEEEDTcldtfp_5beginEERT_
FN:51,_ZSt5beginISt5arrayImLm1EEEDTcldtfp_5beginEERT_
FNDA:0,_ZSt5beginISt5arrayImLm1EEEDTcldtfp_5beginEERT_
FN:51,_ZSt5beginISt5arrayImLm2EEEDTcldtfp_5beginEERT_
FNDA:0,_ZSt5beginISt5arrayImLm2EEEDTcldtfp_5beginEERT_
FN:61,_ZSt5beginISt6vectorImSaImEEEDTcldtfp_5beginEERKT_
FNDA:0,_ZSt5beginISt6vectorImSaImEEEDTcldtfp_5beginEERKT_
FN:61,_ZSt5beginISt5arrayImLm2EEEDTcldtfp_5beginEERKT_
FNDA:0,_ZSt5beginISt5arrayImLm2EEEDTcldtfp_5beginEERKT_
FN:61,_ZSt5beginISt5arrayImLm1EEEDTcldtfp_5beginEERKT_
FNDA:0,_ZSt5beginISt5arrayImLm1EEEDTcldtfp_5beginEERKT_
FN:71,_ZSt3endIN2xt7svectorImLm4ESaImELb1EEEEDTcldtfp_3endEERT_
FNDA:0,_ZSt3endIN2xt7svectorImLm4ESaImELb1EEEEDTcldtfp_3endEERT_
FN:81,_ZSt3endISt6vectorImSaImEEEDTcldtfp_3endEERKT_
FNDA:0,_ZSt3endISt6vectorImSaImEEEDTcldtfp_3endEERKT_
FN:81,_ZSt3endISt5arrayImLm2EEEDTcldtfp_3endEERKT_
FNDA:0,_ZSt3endISt5arrayImLm2EEEDTcldtfp_3endEERKT_
FN:81,_ZSt3endISt5arrayImLm1EEEDTcldtfp_3endEERKT_
FNDA:0,_ZSt3endISt5arrayImLm1EEEDTcldtfp_3endEERKT_
FN:90,_ZSt5beginImLm4EEPT_RAT0__S0_
FNDA:0,_ZSt5beginImLm4EEPT_RAT0__S0_
FN:90,_ZSt5beginIlLm4EEPT_RAT0__S0_
FNDA:0,_ZSt5beginIlLm4EEPT_RAT0__S0_
FN:90,_ZSt5beginIKmLm2EEPT_RAT0__S1_
FNDA:0,_ZSt5beginIKmLm2EEPT_RAT0__S1_
FN:90,_ZSt5beginIKmLm1EEPT_RAT0__S1_
FNDA:0,_ZSt5beginIKmLm1EEPT_RAT0__S1_
FN:100,_ZSt3endIKmLm2EEPT_RAT0__S1_
FNDA:0,_ZSt3endIKmLm2EEPT_RAT0__S1_
FN:100,_ZSt3endIlLm4EEPT_RAT0__S0_
FNDA:0,_ZSt3endIlLm4EEPT_RAT0__S0_
FN:100,_ZSt3endImLm4EEPT_RAT0__S0_
FNDA:0,_ZSt3endImLm4EEPT_RAT0__S0_
FN:100,_ZSt3endIKmLm1EEPT_RAT0__S1_
FNDA:0,_ZSt3endIKmLm1EEPT_RAT0__S1_
DA:51,0
DA:52,0
DA:51,0
DA:52,0
DA:51,0
DA:52,0
DA:61,0
DA:62,0
DA:61,0
DA:62,0
DA:61,0
DA:62,0
DA:71,0
DA:72,0
DA:81,0
DA:82,0
DA:81,0
DA:82,0
DA:81,0
DA:82,0
DA:90,0
DA:91,0
DA:90,0
DA:91,0
DA:90,0
DA:91,0
DA:90,0
DA:91,0
DA:100,0
DA:101,0
DA:100,0
DA:101,0
DA:100,0
DA:101,0
DA:100,0
DA:101,0
end_of_record
SF:/usr/include/c++/11/bits/stl_function.h
FN:191,_ZNKSt10multipliesImEclERKmS2_
FNDA:0,_ZNKSt10multipliesImEclERKmS2_
FN:265,_ZNKSt10multipliesIvEclIRdRKdEEDTmlcl7forwardIT_Efp_Ecl7forwardIT0_Efp0_EEOS5_OS6_
FNDA:0,_ZNKSt10multipliesIvEclIRdRKdEEDTmlcl7forwardIT_Efp_Ecl7forwardIT0_Efp0_EEOS5_OS6_
DA:191,0
DA:192,0
DA:265,0
DA:268,0
end_of_record
SF:/workspace/.xmake/packages/x/xtensor/0.24.3/7589bb6431db4fba90e4d138dda37226/include/xtensor/xexpression.hpp
FN:90,_ZN2xt20xsharable_expressionINS_16xarray_containerINS_7uvectorIdSaIdEEELNS_11layout_typeE1ENS_7svectorImLm4ESaImELb1EEENS_22xtensor_expression_tagEEEED2Ev
FNDA:0,_ZN2xt20xsharable_expressionINS_16xarray_containerINS_7uvectorIdSaIdEEELNS_11layout_typeE1ENS_7svectorImLm4ESaImELb1EEENS_22xtensor_expression_tagEEEED2Ev
FN:90,_ZN2xt20xsharable_expressionINS_10xgeneratorINS_6detail7fn_implINS2_7diag_fnIRNS_16xarray_containerINS_7uvectorIdSaIdEEELNS_11layout_typeE1ENS_7svectorImLm4ESaImELb1EEENS_22xtensor_expression_tagEEEEEEEdSt5arrayImLm2EEEEED2Ev
FNDA:0,_ZN2xt20xsharable_expressionINS_10xgeneratorINS_6detail7fn_implINS2_7diag_fnIRNS_16xarray_containerINS_7uvectorIdSaIdEEELNS_11layout_typeE1ENS_7svectorImLm4ESaImELb1EEENS_22xtensor_expression_tagEEEEEEEdSt5arrayImLm2EEEEED2Ev
FN:90,_ZN2xt20xsharable_expressionINS_10xgeneratorINS_6detail7fn_implINS2_6eye_fnIbEEEEbSt6vectorImSaImEEEEED2Ev
FNDA:0,_ZN2xt20xsharable_expressionINS_10xgeneratorINS_6detail7fn_implINS2_6eye_fnIbEEEEbSt6vectorImSaImEEEEED2Ev
FN:90,_ZN2xt20xsharable_expressionINS_10xbroadcastINS_7xscalarIdEESt5arrayImLm1EEEEED2Ev
FNDA:0,_ZN2xt20xsharable_expressionINS_10xbroadcastINS_7xscalarIdEESt5arrayImLm1EEEEED2Ev
FN:90,_ZN2xt20xsharable_expressionINS_7xscalarIdEEED2Ev
FNDA:0,_ZN2xt20xsharable_expressionINS_7xscalarIdEEED2Ev
FN:90,_ZN2xt20xsharable_expressionINS_9xfunctionINS_6detail10multipliesEJNS_7xscalarIdEERKNS_16xarray_containerINS_7uvectorIdSaIdEEELNS_11layout_typeE1ENS_7svectorImLm4ESaImELb1EEENS_22xtensor_expression_tagEEEEEEED2Ev
FNDA:0,_ZN2xt20xsharable_expressionINS_9xfunctionINS_6detail10multipliesEJNS_7xscalarIdEERKNS_16xarray_containerINS_7uvectorIdSaIdEEELNS_11layout_typeE1ENS_7svectorImLm4ESaImELb1EEENS_22xtensor_expression_tagEEEEEEED2Ev
FN:90,_ZN2xt20xsharable_expressionINS_9xfunctionINS_6detail5minusEJRKNS_16xarray_containerINS_7uvectorIdSaIdEEELNS_11layout_typeE1ENS_7svectorImLm4ESaImELb1EEENS_22xtensor_expression_tagEEERKNS1_INS2_10multipliesEJNS_7xscalarIdEESF_EEEEEEED2Ev
FNDA:0,_ZN2xt20xsharable_expressionINS_9xfunctionINS_6detail5minusEJRKNS_16xarray_containerINS_7uvectorIdSaIdEEELNS_11layout_typeE1ENS_7svectorImLm4ESaImELb1EEENS_22xtensor_expression_tagEEERKNS1_INS2_10multipliesEJNS_7xscalarIdEESF_EEEEEEED2Ev
FN:95,_ZN2xt20xsharable_expressionINS_16xarray_containerINS_7uvectorIdSaIdEEELNS_11layout_typeE1ENS_7svectorImLm4ESaImELb1EEENS_22xtensor_expression_tagEEEEC2EOSB_
FNDA:0,_ZN2xt20xsharable_expressionINS_16xarray_containerINS_7uvectorIdSaIdEEELNS_11layout_typeE1ENS_7svectorImLm4ESaImELb1EEENS_22xtensor_expression_tagEEEEC2EOSB_
FN:96,_ZN2xt20xsharable_expressionINS_16xarray_containerINS_7uvectorIdSaIdEEELNS_11layout_typeE1ENS_7svectorImLm4ESaImELb1EEENS_22xtensor_expression_tagEEEEaSEOSB_
FNDA:0,_ZN2xt20xsharable_expressionINS_16xarray_containerINS_7uvectorIdSaIdEEELNS_11layout_typeE1ENS_7svectorImLm4ESaImELb1EEENS_22xtensor_expression_tagEEEEaSEOSB_
FN:117,_ZNR2xt11xexpressionINS_16xarray_containerINS_7uvectorIdSaIdEEELNS_11layout_typeE1ENS_7svectorImLm4ESaImELb1EEENS_22xtensor_expression_tagEEEE12derived_castEv
FNDA:0,_ZNR2xt11xexpressionINS_16xarray_containerINS_7uvectorIdSaIdEEELNS_11layout_typeE1ENS_7svectorImLm4ESaImELb1EEENS_22xtensor_expression_tagEEEE12derived_castEv
FN:126,_ZNKR2xt11xexpressionINS_10xgeneratorINS_6detail7fn_implINS2_6eye_fnIbEEEEbSt6vectorImSaImEEEEE12derived_castEv
FNDA:0,_ZNKR2xt11xexpressionINS_10xgeneratorINS_6detail7fn_implINS2_6eye_fnIbEEEEbSt6vectorImSaImEEEEE12derived_castEv
FN:126,_ZNKR2xt11xexpressionINS_10xgeneratorINS_6detail7fn_implINS2_7diag_fnIRNS_16xarray_containerINS_7uvectorIdSaIdEEELNS_11layout_typeE1ENS_7svectorImLm4ESaImELb1EEENS_22xtensor_expression_tagEEEEEEEdSt5arrayImLm2EEEEE12derived_castEv
FNDA:0,_ZNKR2xt11xexpressionINS_10xgeneratorINS_6detail7fn_implINS2_7diag_fnIRNS_16xarray_containerINS_7uvectorIdSaIdEEELNS_11layout_typeE1ENS_7svectorImLm4ESaImELb1EEENS_22xtensor_expression_tagEEEEEEEdSt5arrayImLm2EEEEE12derived_castEv
FN:126,_ZNKR2xt11xexpressionINS_10xbroadcastINS_7xscalarIdEESt5arrayImLm1EEEEE12derived_castEv
FNDA:0,_ZNKR2xt11xexpressionINS_10xbroadcastINS_7xscalarIdEESt5arrayImLm1EEEEE12derived_castEv
FN:126,_ZNKR2xt11xexpressionINS_9xfunctionINS_6detail10multipliesEJNS_7xscalarIdEERKNS_16xarray_containerINS_7uvectorIdSaIdEEELNS_11layout_typeE1ENS_7svectorImLm4ESaImELb1EEENS_22xtensor_expression_tagEEEEEEE12derived_castEv
FNDA:0,_ZNKR2xt11xexpressionINS_9xfunctionINS_6detail10multipliesEJNS_7xscalarIdEERKNS_16xarray_containerINS_7uvectorIdSaIdEEELNS_11layout_typeE1ENS_7svectorImLm4ESaImELb1EEENS_22xtensor_expression_tagEEEEEEE12derived_castEv
FN:126,_ZNKR2xt11xexpressionINS_9xfunctionINS_6detail5minusEJRKNS_16xarray_containerINS_7uvectorIdSaIdEEELNS_11layout_typeE1ENS_7svectorImLm4ESaImELb1EEENS_22xtensor_expression_tagEEERKNS1_INS2_10multipliesEJNS_7xscalarIdEESF_EEEEEEE12derived_castEv
FNDA:0,_ZNKR2xt11xexpressionINS_9xfunctionINS_6detail5minusEJRKNS_16xarray_containerINS_7uvectorIdSaIdEEELNS_11layout_typeE1ENS_7svectorImLm4ESaImELb1EEENS_22xtensor_expression_tagEEERKNS1_INS2_10multipliesEJNS_7xscalarIdEESF_EEEEEEE12derived_castEv
FN:146,_ZN2xt20xsharable_expressionINS_10xgeneratorINS_6detail7fn_implINS2_6eye_fnIbEEEEbSt6vectorImSaImEEEEEC2Ev
FNDA:0,_ZN2xt20xsharable_expressionINS_10xgeneratorINS_6detail7fn_implINS2_6eye_fnIbEEEEbSt6vectorImSaImEEEEEC2Ev
FN:146,_ZN2xt20xsharable_expressionINS_16xarray_containerINS_7uvectorIdSaIdEEELNS_11layout_typeE1ENS_7svectorImLm4ESaImELb1EEENS_22xtensor_expression_tagEEEEC2Ev
FNDA:0,_ZN2xt20xsharable_expressionINS_16xarray_containerINS_7uvectorIdSaIdEEELNS_11layout_typeE1ENS_7svectorImLm4ESaImELb1EEENS_22xtensor_expression_tagEEEEC2Ev
FN:146,_ZN2xt20xsharable_expressionINS_10xgeneratorINS_6detail7fn_implINS2_7diag_fnIRNS_16xarray_containerINS_7uvectorIdSaIdEEELNS_11layout_typeE1ENS_7svectorImLm4ESaImELb1EEENS_22xtensor_expression_tagEEEEEEEdSt5arrayImLm2EEEEEC2Ev
FNDA:0,_ZN2xt20xsharable_expressionINS_10xgeneratorINS_6detail7fn_implINS2_7diag_fnIRNS_16xarray_containerINS_7uvectorIdSaIdEEELNS_11layout_typeE1ENS_7svectorImLm4ESaImELb1EEENS_22xtensor_expression_tagEEEEEEEdSt5arrayImLm2EEEEEC2Ev
FN:146,_ZN2xt20xsharable_expressionINS_10xbroadcastINS_7xscalarIdEESt5arrayImLm1EEEEEC2Ev
FNDA:0,_ZN2xt20xsharable_expressionINS_10xbroadcastINS_7xscalarIdEESt5arrayImLm1EEEEEC2Ev
FN:146,_ZN2xt20xsharable_expressionINS_7xscalarIdEEEC2Ev
FNDA:0,_ZN2xt20xsharable_expressionINS_7xscalarIdEEEC2Ev
FN:146,_ZN2xt20xsharable_expressionINS_9xfunctionINS_6detail10multipliesEJNS_7xscalarIdEERKNS_16xarray_containerINS_7uvectorIdSaIdEEELNS_11layout_typeE1ENS_7svectorImLm4ESaImELb1EEENS_22xtensor_expression_tagEEEEEEEC2Ev
FNDA:0,_ZN2xt20xsharable_expressionINS_9xfunctionINS_6detail10multipliesEJNS_7xscalarIdEERKNS_16xarray_containerINS_7uvectorIdSaIdEEELNS_11layout_typeE1ENS_7svectorImLm4ESaImELb1EEENS_22xtensor_expression_tagEEEEEEEC2Ev
FN:146,_ZN2xt20xsharable_expressionINS_9xfunctionINS_6detail5minusEJRKNS_16xarray_containerINS_7uvectorIdSaIdEEELNS_11layout_typeE1ENS_7svectorImLm4ESaImELb1EEENS_22xtensor_expression_tagEEERKNS1_INS2_10multipliesEJNS_7xscalarIdEESF_EEEEEEEC2Ev
FNDA:0,_ZN2xt20xsharable_expressionINS_9xfunctionINS_6detail5minusEJRKNS_16xarray_containerINS_7uvectorIdSaIdEEELNS_11layout_typeE1ENS_7svectorImLm4ESaImELb1EEENS_22xtensor_expression_tagEEERKNS1_INS2_10multipliesEJNS_7xscalarIdEESF_EEEEEEEC2Ev
DA:90,0
DA:90,0
DA:90,0
DA:90,0
DA:90,0
DA:90,0
DA:90,0
DA:95,0
DA:96,0
DA:117,0
DA:119,0
DA:126,0
DA:128,0
DA:126,0
DA:128,0
DA:126,0
DA:128,0
DA:126,0
DA:128,0
DA:126,0
DA:128,0
DA:146,0
DA:147,0
DA:149,0
DA:146,0
DA:147,0
DA:149,0
DA:146,0
DA:147,0
DA:149,0
DA:146,0
DA:147,0
DA:149,0
DA:146,0
DA:147,0
DA:149,0
DA:146,0
DA:147,0
DA:149,0
DA:146,0
DA:147,0
DA:149,0
end_of_record
SF:/usr/include/c++/11/bits/shared_ptr_base.h
FN:161,_ZNSt16_Sp_counted_baseILN9__gnu_cxx12_Lock_policyE2EE10_M_releaseEv
FNDA:0,_ZNSt16_Sp_counted_baseILN9__gnu_cxx12_Lock_policyE2EE10_M_releaseEv
FN:587,_ZNSt14__shared_countILN9__gnu_cxx12_Lock_policyE2EEC2Ev
FNDA:0,_ZNSt14__shared_countILN9__gnu_cxx12_Lock_policyE2EEC2Ev
FN:699,_ZNSt14__shared_countILN9__gnu_cxx12_Lock_policyE2EED2Ev
FNDA:0,_ZNSt14__shared_countILN9__gnu_cxx12_Lock_policyE2EED2Ev
FN:728,_ZNSt14__shared_countILN9__gnu_cxx12_Lock_policyE2EE7_M_swapERS2_
FNDA:0,_ZNSt14__shared_countILN9__gnu_cxx12_Lock_policyE2EE7_M_swapERS2_
FN:1087,_ZNSt12__shared_ptrIN2xt9xfunctionINS0_6detail5minusEJRKNS0_16xarray_containerINS0_7uvectorIdSaIdEEELNS0_11layout_typeE1ENS0_7svectorImLm4ESaImELb1EEENS0_22xtensor_expression_tagEEERKNS1_INS2_10multipliesEJNS0_7xscalarIdEESF_EEEEEELN9__gnu_cxx12_Lock_policyE2EEC2Ev
FNDA:0,_ZNSt12__shared_ptrIN2xt9xfunctionINS0_6detail5minusEJRKNS0_16xarray_containerINS0_7uvectorIdSaIdEEELNS0_11layout_typeE1ENS0_7svectorImLm4ESaImELb1EEENS0_22xtensor_expression_tagEEERKNS1_INS2_10multipliesEJNS0_7xscalarIdEESF_EEEEEELN9__gnu_cxx12_Lock_policyE2EEC2Ev
FN:1087,_ZNSt12__shared_ptrIN2xt9xfunctionINS0_6detail10multipliesEJNS0_7xscalarIdEERKNS0_16xarray_containerINS0_7uvectorIdSaIdEEELNS0_11layout_typeE1ENS0_7svectorImLm4ESaImELb1EEENS0_22xtensor_expression_tagEEEEEELN9__gnu_cxx12_Lock_policyE2EEC2Ev
FNDA:0,_ZNSt12__shared_ptrIN2xt9xfunctionINS0_6detail10multipliesEJNS0_7xscalarIdEERKNS0_16xarray_containerINS0_7uvectorIdSaIdEEELNS0_11layout_typeE1ENS0_7svectorImLm4ESaImELb1EEENS0_22xtensor_expression_tagEEEEEELN9__gnu_cxx12_Lock_policyE2EEC2Ev
FN:1087,_ZNSt12__shared_ptrIN2xt7xscalarIdEELN9__gnu_cxx12_Lock_policyE2EEC2Ev
FNDA:0,_ZNSt12__shared_ptrIN2xt7xscalarIdEELN9__gnu_cxx12_Lock_policyE2EEC2Ev
FN:1087,_ZNSt12__shared_ptrIN2xt10xbroadcastINS0_7xscalarIdEESt5arrayImLm1EEEELN9__gnu_cxx12_Lock_policyE2EEC2Ev
FNDA:0,_ZNSt12__shared_ptrIN2xt10xbroadcastINS0_7xscalarIdEESt5arrayImLm1EEEELN9__gnu_cxx12_Lock_policyE2EEC2Ev
FN:1087,_ZNSt12__shared_ptrIN2xt10xgeneratorINS0_6detail7fn_implINS2_6eye_fnIbEEEEbSt6vectorImSaImEEEELN9__gnu_cxx12_Lock_policyE2EEC2Ev
FNDA:0,_ZNSt12__shared_ptrIN2xt10xgeneratorINS0_6detail7fn_implINS2_6eye_fnIbEEEEbSt6vectorImSaImEEEELN9__gnu_cxx12_Lock_policyE2EEC2Ev
FN:1087,_ZNSt12__shared_ptrIN2xt16xarray_containerINS0_7uvectorIdSaIdEEELNS0_11layout_typeE1ENS0_7svectorImLm4ESaImELb1EEENS0_22xtensor_expression_tagEEELN9__gnu_cxx12_Lock_policyE2EEC2Ev
FNDA:0,_ZNSt12__shared_ptrIN2xt16xarray_containerINS0_7uvectorIdSaIdEEELNS0_11layout_typeE1ENS0_7svectorImLm4ESaImELb1EEENS0_22xtensor_expression_tagEEELN9__gnu_cxx12_Lock_policyE2EEC2Ev
FN:1087,_ZNSt12__shared_ptrIN2xt10xgeneratorINS0_6detail7fn_implINS2_7diag_fnIRNS0_16xarray_containerINS0_7uvectorIdSaIdEEELNS0_11layout_typeE1ENS0_7svectorImLm4ESaImELb1EEENS0_22xtensor_expression_tagEEEEEEEdSt5arrayImLm2EEEELN9__gnu_cxx12_Lock_policyE2EEC2Ev
FNDA:0,_ZNSt12__shared_ptrIN2xt10xgeneratorINS0_6detail7fn_implINS2_7diag_fnIRNS0_16xarray_containerINS0_7uvectorIdSaIdEEELNS0_11layout_typeE1ENS0_7svectorImLm4ESaImELb1EEENS0_22xtensor_expression_tagEEEEEEEdSt5arrayImLm2EEEELN9__gnu_cxx12_Lock_policyE2EEC2Ev
FN:1149,_ZNSt12__shared_ptrIN2xt16xarray_containerINS0_7uvectorIdSaIdEEELNS0_11layout_typeE1ENS0_7svectorImLm4ESaImELb1EEENS0_22xtensor_expression_tagEEELN9__gnu_cxx12_Lock_policyE2EED2Ev
FNDA:0,_ZNSt12__shared_ptrIN2xt16xarray_containerINS0_7uvectorIdSaIdEEELNS0_11layout_typeE1ENS0_7svectorImLm4ESaImELb1EEENS0_22xtensor_expression_tagEEELN9__gnu_cxx12_Lock_policyE2EED2Ev
FN:1149,_ZNSt12__shared_ptrIN2xt10xgeneratorINS0_6detail7fn_implINS2_7diag_fnIRNS0_16xarray_containerINS0_7uvectorIdSaIdEEELNS0_11layout_typeE1ENS0_7svectorImLm4ESaImELb1EEENS0_22xtensor_expression_tagEEEEEEEdSt5arrayImLm2EEEELN9__gnu_cxx12_Lock_policyE2EED2Ev
FNDA:0,_ZNSt12__shared_ptrIN2xt10xgeneratorINS0_6detail7fn_implINS2_7diag_fnIRNS0_16xarray_containerINS0_7uvectorIdSaIdEEELNS0_11layout_typeE1ENS0_7svectorImLm4ESaImELb1EEENS0_22xtensor_expression_tagEEEEEEEdSt5arrayImLm2EEEELN9__gnu_cxx12_Lock_policyE2EED2Ev
FN:1149,_ZNSt12__shared_ptrIN2xt10xgeneratorINS0_6detail7fn_implINS2_6eye_fnIbEEEEbSt6vectorImSaImEEEELN9__gnu_cxx12_Lock_policyE2EED2Ev
FNDA:0,_ZNSt12__shared_ptrIN2xt10xgeneratorINS0_6detail7fn_implINS2_6eye_fnIbEEEEbSt6vectorImSaImEEEELN9__gnu_cxx12_Lock_policyE2EED2Ev
FN:1149,_ZNSt12__shared_ptrIN2xt10xbroadcastINS0_7xscalarIdEESt5arrayImLm1EEEELN9__gnu_cxx12_Lock_policyE2EED2Ev
FNDA:0,_ZNSt12__shared_ptrIN2xt10xbroadcastINS0_7xscalarIdEESt5arrayImLm1EEEELN9__gnu_cxx12_Lock_policyE2EED2Ev
FN:1149,_ZNSt12__shared_ptrIN2xt7xscalarIdEELN9__gnu_cxx12_Lock_policyE2EED2Ev
FNDA:0,_ZNSt12__shared_ptrIN2xt7xscalarIdEELN9__gnu_cxx12_Lock_policyE2EED2Ev
FN:1149,_ZNSt12__shared_ptrIN2xt9xfunctionINS0_6detail10multipliesEJNS0_7xscalarIdEERKNS0_16xarray_containerINS0_7uvectorIdSaIdEEELNS0_11layout_typeE1ENS0_7svectorImLm4ESaImELb1EEENS0_22xtensor_expression_tagEEEEEELN9__gnu_cxx12_Lock_policyE2EED2Ev
FNDA:0,_ZNSt12__shared_ptrIN2xt9xfunctionINS0_6detail10multipliesEJNS0_7xscalarIdEERKNS0_16xarray_containerINS0_7uvectorIdSaIdEEELNS0_11layout_typeE1ENS0_7svectorImLm4ESaImELb1EEENS0_22xtensor_expression_tagEEEEEELN9__gnu_cxx12_Lock_policyE2EED2Ev
FN:1149,_ZNSt12__shared_ptrIN2xt9xfunctionINS0_6detail5minusEJRKNS0_16xarray_containerINS0_7uvectorIdSaIdEEELNS0_11layout_typeE1ENS0_7svectorImLm4ESaImELb1EEENS0_22xtensor_expression_tagEEERKNS1_INS2_10multipliesEJNS0_7xscalarIdEESF_EEEEEELN9__gnu_cxx12_Lock_policyE2EED2Ev
FNDA:0,_ZNSt12__shared_ptrIN2xt9xfunctionINS0_6detail5minusEJRKNS0_16xarray_containerINS0_7uvectorIdSaIdEEELNS0_11layout_typeE1ENS0_7svectorImLm4ESaImELb1EEENS0_22xtensor_expression_tagEEERKNS1_INS2_10multipliesEJNS0_7xscalarIdEESF_EEEEEELN9__gnu_cxx12_Lock_policyE2EED2Ev
FN:1156,_ZNSt12__shared_ptrIN2xt16xarray_containerINS0_7uvectorIdSaIdEEELNS0_11layout_typeE1ENS0_7svectorImLm4ESaImELb1EEENS0_22xtensor_expression_tagEEELN9__gnu_cxx12_Lock_policyE2EEC2EOSD_
FNDA:0,_ZNSt12__shared_ptrIN2xt16xarray_containerINS0_7uvectorIdSaIdEEELNS0_11layout_typeE1ENS0_7svectorImLm4ESaImELb1EEENS0_22xtensor_expression_tagEEELN9__gnu_cxx12_Lock_policyE2EEC2EOSD_
FN:1243,_ZNSt12__shared_ptrIN2xt16xarray_containerINS0_7uvectorIdSaIdEEELNS0_11layout_typeE1ENS0_7svectorImLm4ESaImELb1EEENS0_22xtensor_expression_tagEEELN9__gnu_cxx12_Lock_policyE2EEaSEOSD_
FNDA:0,_ZNSt12__shared_ptrIN2xt16xarray_containerINS0_7uvectorIdSaIdEEELNS0_11layout_typeE1ENS0_7svectorImLm4ESaImELb1EEENS0_22xtensor_expression_tagEEELN9__gnu_cxx12_Lock_policyE2EEaSEOSD_
FN:1309,_ZNSt12__shared_ptrIN2xt16xarray_containerINS0_7uvectorIdSaIdEEELNS0_11layout_typeE1ENS0_7svectorImLm4ESaImELb1EEENS0_22xtensor_expression_tagEEELN9__gnu_cxx12_Lock_policyE2EE4swapERSD_
FNDA:0,_ZNSt12__shared_ptrIN2xt16xarray_containerINS0_7uvectorIdSaIdEEELNS0_11layout_typeE1ENS0_7svectorImLm4ESaImELb1EEENS0_22xtensor_expression_tagEEELN9__gnu_cxx12_Lock_policyE2EE4swapERSD_
DA:161,0
DA:165,0
DA:168,0
DA:180,0
DA:181,0
DA:184,0
DA:187,0
DA:587,0
DA:588,0
DA:699,0
DA:701,0
DA:702,0
DA:703,0
DA:728,0
DA:730,0
DA:731,0
DA:732,0
DA:733,0
DA:1087,0
DA:1088,0
DA:1089,0
DA:1087,0
DA:1088,0
DA:1089,0
DA:1087,0
DA:1088,0
DA:1089,0
DA:1087,0
DA:1088,0
DA:1089,0
DA:1087,0
DA:1088,0
DA:1089,0
DA:1087,0
DA:1088,0
DA:1089,0
DA:1087,0
DA:1088,0
DA:1089,0
DA:1149,0
DA:1149,0
DA:1149,0
DA:1149,0
DA:1149,0
DA:1149,0
DA:1149,0
DA:1156,0
DA:1157,0
DA:1159,0
DA:1160,0
DA:1161,0
DA:1243,0
DA:1245,0
DA:1246,0
DA:1309,0
DA:1311,0
DA:1312,0
DA:1313,0
end_of_record
SF:/usr/include/c++/11/ext/new_allocator.h
FN:79,_ZN9__gnu_cxx13new_allocatorIcEC2Ev
FNDA:0,_ZN9__gnu_cxx13new_allocatorIcEC2Ev
FN:79,_ZN9__gnu_cxx13new_allocatorImEC2Ev
FNDA:0,_ZN9__gnu_cxx13new_allocatorImEC2Ev
FN:79,_ZN9__gnu_cxx13new_allocatorIlEC2Ev
FNDA:0,_ZN9__gnu_cxx13new_allocatorIlEC2Ev
FN:79,_ZN9__gnu_cxx13new_allocatorIdEC2Ev
FNDA:0,_ZN9__gnu_cxx13new_allocatorIdEC2Ev
FN:82,_ZN9__gnu_cxx13new_allocatorIdEC2ERKS1_
FNDA:0,_ZN9__gnu_cxx13new_allocatorIdEC2ERKS1_
FN:82,_ZN9__gnu_cxx13new_allocatorImEC2ERKS1_
FNDA:0,_ZN9__gnu_cxx13new_allocatorImEC2ERKS1_
FN:82,_ZN9__gnu_cxx13new_allocatorIlEC2ERKS1_
FNDA:0,_ZN9__gnu_cxx13new_allocatorIlEC2ERKS1_
FN:103,_ZN9__gnu_cxx13new_allocatorIcE8allocateEmPKv
FNDA:0,_ZN9__gnu_cxx13new_allocatorIcE8allocateEmPKv
FN:103,_ZN9__gnu_cxx13new_allocatorIdE8allocateEmPKv
FNDA:0,_ZN9__gnu_cxx13new_allocatorIdE8allocateEmPKv
FN:103,_ZN9__gnu_cxx13new_allocatorImE8allocateEmPKv
FNDA:0,_ZN9__gnu_cxx13new_allocatorImE8allocateEmPKv
FN:103,_ZN9__gnu_cxx13new_allocatorIlE8allocateEmPKv
FNDA:0,_ZN9__gnu_cxx13new_allocatorIlE8allocateEmPKv
FN:126,_ZN9__gnu_cxx13new_allocatorImE10deallocateEPmm
FNDA:0,_ZN9__gnu_cxx13new_allocatorImE10deallocateEPmm
FN:126,_ZN9__gnu_cxx13new_allocatorIlE10deallocateEPlm
FNDA:0,_ZN9__gnu_cxx13new_allocatorIlE10deallocateEPlm
FN:126,_ZN9__gnu_cxx13new_allocatorIdE10deallocateEPdm
FNDA:0,_ZN9__gnu_cxx13new_allocatorIdE10deallocateEPdm
FN:126,_ZN9__gnu_cxx13new_allocatorIcE10deallocateEPcm
FNDA:0,_ZN9__gnu_cxx13new_allocatorIcE10deallocateEPcm
FN:191,_ZNK9__gnu_cxx13new_allocatorImE11_M_max_sizeEv
FNDA:0,_ZNK9__gnu_cxx13new_allocatorImE11_M_max_sizeEv
FN:191,_ZNK9__gnu_cxx13new_allocatorIdE11_M_max_sizeEv
FNDA:0,_ZNK9__gnu_cxx13new_allocatorIdE11_M_max_sizeEv
FN:191,_ZNK9__gnu_cxx13new_allocatorIlE11_M_max_sizeEv
FNDA:0,_ZNK9__gnu_cxx13new_allocatorIlE11_M_max_sizeEv
FN:191,_ZNK9__gnu_cxx13new_allocatorIcE11_M_max_sizeEv
FNDA:0,_ZNK9__gnu_cxx13new_allocatorIcE11_M_max_sizeEv
DA:79,0
DA:79,0
DA:79,0
DA:79,0
DA:82,0
DA:82,0
DA:82,0
DA:103,0
DA:105,0
DA:111,0
DA:121,0
DA:103,0
DA:105,0
DA:109,0
DA:110,0
DA:111,0
DA:121,0
DA:103,0
DA:105,0
DA:109,0
DA:110,0
DA:111,0
DA:121,0
DA:103,0
DA:105,0
DA:109,0
DA:110,0
DA:111,0
DA:121,0
DA:126,0
DA:139,0
DA:126,0
DA:139,0
DA:126,0
DA:139,0
DA:126,0
DA:139,0
DA:191,0
DA:194,0
DA:191,0
DA:194,0
DA:191,0
DA:194,0
DA:191,0
DA:194,0
end_of_record
SF:/workspace/.xmake/packages/x/xtensor/0.24.3/7589bb6431db4fba90e4d138dda37226/include/xtensor/xassign.hpp
FN:197,_ZN2xt18assign_xexpressionINS_16xarray_containerINS_7uvectorIdSaIdEEELNS_11layout_typeE1ENS_7svectorImLm4ESaImELb1EEENS_22xtensor_expression_tagEEENS_10xgeneratorINS_6detail7fn_implINSC_7diag_fnIRSA_EEEEdSt5arrayImLm2EEEEEEvRNS_11xexpressionIT_EERKNSL_IT0_EE
FNDA:0,_ZN2xt18assign_xexpressionINS_16xarray_containerINS_7uvectorIdSaIdEEELNS_11layout_typeE1ENS_7svectorImLm4ESaImELb1EEENS_22xtensor_expression_tagEEENS_10xgeneratorINS_6detail7fn_implINSC_7diag_fnIRSA_EEEEdSt5arrayImLm2EEEEEEvRNS_11xexpressionIT_EERKNSL_IT0_EE
FN:197,_ZN2xt18assign_xexpressionINS_16xarray_containerINS_7uvectorIdSaIdEEELNS_11layout_typeE1ENS_7svectorImLm4ESaImELb1EEENS_22xtensor_expression_tagEEENS_9xfunctionINS_6detail5minusEJRKSA_RKNSB_INSC_10multipliesEJNS_7xscalarIdEESF_EEEEEEEEvRNS_11xexpressionIT_EERKNSN_IT0_EE
FNDA:0,_ZN2xt18assign_xexpressionINS_16xarray_containerINS_7uvectorIdSaIdEEELNS_11layout_typeE1ENS_7svectorImLm4ESaImELb1EEENS_22xtensor_expression_tagEEENS_9xfunctionINS_6detail5minusEJRKSA_RKNSB_INSC_10multipliesEJNS_7xscalarIdEESF_EEEEEEEEvRNS_11xexpressionIT_EERKNSN_IT0_EE
FN:197,_ZN2xt18assign_xexpressionINS_16xarray_containerINS_7uvectorIdSaIdEEELNS_11layout_typeE1ENS_7svectorImLm4ESaImELb1EEENS_22xtensor_expression_tagEEENS_10xgeneratorINS_6detail7fn_implINSC_6eye_fnIbEEEEbSt6vectorImS7_EEEEEvRNS_11xexpressionIT_EERKNSK_IT0_EE
FNDA:0,_ZN2xt18assign_xexpressionINS_16xarray_containerINS_7uvectorIdSaIdEEELNS_11layout_typeE1ENS_7svectorImLm4ESaImELb1EEENS_22xtensor_expression_tagEEENS_10xgeneratorINS_6detail7fn_implINSC_6eye_fnIbEEEEbSt6vectorImS7_EEEEEvRNS_11xexpressionIT_EERKNSK_IT0_EE
FN:197,_ZN2xt18assign_xexpressionINS_16xarray_containerINS_7uvectorIdSaIdEEELNS_11layout_typeE1ENS_7svectorImLm4ESaImELb1EEENS_22xtensor_expression_tagEEENS_10xbroadcastINS_7xscalarIdEESt5arrayImLm1EEEEEEvRNS_11xexpressionIT_EERKNSH_IT0_EE
FNDA:0,_ZN2xt18assign_xexpressionINS_16xarray_containerINS_7uvectorIdSaIdEEELNS_11layout_typeE1ENS_7svectorImLm4ESaImELb1EEENS_22xtensor_expression_tagEEENS_10xbroadcastINS_7xscalarIdEESt5arrayImLm1EEEEEEvRNS_11xexpressionIT_EERKNSH_IT0_EE
FN:199,_ZZN2xt18assign_xexpressionINS_16xarray_containerINS_7uvectorIdSaIdEEELNS_11layout_typeE1ENS_7svectorImLm4ESaImELb1EEENS_22xtensor_expression_tagEEENS_10xbroadcastINS_7xscalarIdEESt5arrayImLm1EEEEEEvRNS_11xexpressionIT_EERKNSH_IT0_EEENKUlSI_E_clIN3xtl8identityEEEDaSI_
FNDA:0,_ZZN2xt18assign_xexpressionINS_16xarray_containerINS_7uvectorIdSaIdEEELNS_11layout_typeE1ENS_7svectorImLm4ESaImELb1EEENS_22xtensor_expression_tagEEENS_10xbroadcastINS_7xscalarIdEESt5arrayImLm1EEEEEEvRNS_11xexpressionIT_EERKNSH_IT0_EEENKUlSI_E_clIN3xtl8identityEEEDaSI_
FN:202,_ZZN2xt18assign_xexpressionINS_16xarray_containerINS_7uvectorIdSaIdEEELNS_11layout_typeE1ENS_7svectorImLm4ESaImELb1EEENS_22xtensor_expression_tagEEENS_9xfunctionINS_6detail5minusEJRKSA_RKNSB_INSC_10multipliesEJNS_7xscalarIdEESF_EEEEEEEEvRNS_11xexpressionIT_EERKNSN_IT0_EEENKUlSO_E0_clIN3xtl8identityEEEDaSO_
FNDA:0,_ZZN2xt18assign_xexpressionINS_16xarray_containerINS_7uvectorIdSaIdEEELNS_11layout_typeE1ENS_7svectorImLm4ESaImELb1EEENS_22xtensor_expression_tagEEENS_9xfunctionINS_6detail5minusEJRKSA_RKNSB_INSC_10multipliesEJNS_7xscalarIdEESF_EEEEEEEEvRNS_11xexpressionIT_EERKNSN_IT0_EEENKUlSO_E0_clIN3xtl8identityEEEDaSO_
FN:202,_ZZN2xt18assign_xexpressionINS_16xarray_containerINS_7uvectorIdSaIdEEELNS_11layout_typeE1ENS_7svectorImLm4ESaImELb1EEENS_22xtensor_expression_tagEEENS_10xgeneratorINS_6detail7fn_implINSC_7diag_fnIRSA_EEEEdSt5arrayImLm2EEEEEEvRNS_11xexpressionIT_EERKNSL_IT0_EEENKUlSM_E0_clIN3xtl8identityEEEDaSM_
FNDA:0,_ZZN2xt18assign_xexpressionINS_16xarray_containerINS_7uvectorIdSaIdEEELNS_11layout_typeE1ENS_7svectorImLm4ESaImELb1EEENS_22xtensor_expression_tagEEENS_10xgeneratorINS_6detail7fn_implINSC_7diag_fnIRSA_EEEEdSt5arrayImLm2EEEEEEvRNS_11xexpressionIT_EERKNSL_IT0_EEENKUlSM_E0_clIN3xtl8identityEEEDaSM_
FN:202,_ZZN2xt18assign_xexpressionINS_16xarray_containerINS_7uvectorIdSaIdEEELNS_11layout_typeE1ENS_7svectorImLm4ESaImELb1EEENS_22xtensor_expression_tagEEENS_10xgeneratorINS_6detail7fn_implINSC_6eye_fnIbEEEEbSt6vectorImS7_EEEEEvRNS_11xexpressionIT_EERKNSK_IT0_EEENKUlSL_E0_clIN3xtl8identityEEEDaSL_
FNDA:0,_ZZN2xt18assign_xexpressionINS_16xarray_containerINS_7uvectorIdSaIdEEELNS_11layout_typeE1ENS_7svectorImLm4ESaImELb1EEENS_22xtensor_expression_tagEEENS_10xgeneratorINS_6detail7fn_implINSC_6eye_fnIbEEEEbSt6vectorImS7_EEEEEvRNS_11xexpressionIT_EERKNSK_IT0_EEENKUlSL_E0_clIN3xtl8identityEEEDaSL_
FN:217,_ZN2xt22scalar_computed_assignINS_16xarray_containerINS_7uvectorIdSaIdEEELNS_11layout_typeE1ENS_7svectorImLm4ESaImELb1EEENS_22xtensor_expression_tagEEEdSt10multipliesIvEEEvRNS_11xexpressionIT_EERKT0_OT1_
FNDA:0,_ZN2xt22scalar_computed_assignINS_16xarray_containerINS_7uvectorIdSaIdEEELNS_11layout_typeE1ENS_7svectorImLm4ESaImELb1EEENS_22xtensor_expression_tagEEEdSt10multipliesIvEEEvRNS_11xexpressionIT_EERKT0_OT1_
FN:237,_ZN2xt6detail20linear_static_layoutINS_16xarray_containerINS_7uvectorIdSaIdEEELNS_11layout_typeE1ENS_7svectorImLm4ESaImELb1EEENS_22xtensor_expression_tagEEENS_9xfunctionINS0_5minusEJRKSB_RKNSC_INS0_10multipliesEJNS_7xscalarIdEESF_EEEEEEEEbv
FNDA:0,_ZN2xt6detail20linear_static_layoutINS_16xarray_containerINS_7uvectorIdSaIdEEELNS_11layout_typeE1ENS_7svectorImLm4ESaImELb1EEENS_22xtensor_expression_tagEEENS_9xfunctionINS0_5minusEJRKSB_RKNSC_INS0_10multipliesEJNS_7xscalarIdEESF_EEEEEEEEbv
FN:247,_ZN2xt6detail16is_linear_assignINS_16xarray_containerINS_7uvectorIdSaIdEEELNS_11layout_typeE1ENS_7svectorImLm4ESaImELb1EEENS_22xtensor_expression_tagEEENS_10xgeneratorINS0_7fn_implINS0_7diag_fnIRSB_EEEEdSt5arrayImLm2EEEEEENSt9enable_ifIXsrNS_11has_stridesIT_vEE5valueEbE4typeERKSN_RKT0_
FNDA:0,_ZN2xt6detail16is_linear_assignINS_16xarray_containerINS_7uvectorIdSaIdEEELNS_11layout_typeE1ENS_7svectorImLm4ESaImELb1EEENS_22xtensor_expression_tagEEENS_10xgeneratorINS0_7fn_implINS0_7diag_fnIRSB_EEEEdSt5arrayImLm2EEEEEENSt9enable_ifIXsrNS_11has_stridesIT_vEE5valueEbE4typeERKSN_RKT0_
FN:247,_ZN2xt6detail16is_linear_assignINS_16xarray_containerINS_7uvectorIdSaIdEEELNS_11layout_typeE1ENS_7svectorImLm4ESaImELb1EEENS_22xtensor_expression_tagEEENS_10xgeneratorINS0_7fn_implINS0_6eye_fnIbEEEEbSt6vectorImS8_EEEEENSt9enable_ifIXsrNS_11has_stridesIT_vEE5valueEbE4typeERKSM_RKT0_
FNDA:0,_ZN2xt6detail16is_linear_assignINS_16xarray_containerINS_7uvectorIdSaIdEEELNS_11layout_typeE1ENS_7svectorImLm4ESaImELb1EEENS_22xtensor_expression_tagEEENS_10xgeneratorINS0_7fn_implINS0_6eye_fnIbEEEEbSt6vectorImS8_EEEEENSt9enable_ifIXsrNS_11has_stridesIT_vEE5valueEbE4typeERKSM_RKT0_
FN:247,_ZN2xt6detail16is_linear_assignINS_16xarray_containerINS_7uvectorIdSaIdEEELNS_11layout_typeE1ENS_7svectorImLm4ESaImELb1EEENS_22xtensor_expression_tagEEENS_9xfunctionINS0_5minusEJRKSB_RKNSC_INS0_10multipliesEJNS_7xscalarIdEESF_EEEEEEEENSt9enable_ifIXsrNS_11has_stridesIT_vEE5valueEbE4typeERKSP_RKT0_
FNDA:0,_ZN2xt6detail16is_linear_assignINS_16xarray_containerINS_7uvectorIdSaIdEEELNS_11layout_typeE1ENS_7svectorImLm4ESaImELb1EEENS_22xtensor_expression_tagEEENS_9xfunctionINS0_5minusEJRKSB_RKNSC_INS0_10multipliesEJNS_7xscalarIdEESF_EEEEEEEENSt9enable_ifIXsrNS_11has_stridesIT_vEE5valueEbE4typeERKSP_RKT0_
FN:260,_ZN2xt6detail21linear_dynamic_layoutINS_16xarray_containerINS_7uvectorIdSaIdEEELNS_11layout_typeE1ENS_7svectorImLm4ESaImELb1EEENS_22xtensor_expression_tagEEENS_10xgeneratorINS0_7fn_implINS0_7diag_fnIRSB_EEEEdSt5arrayImLm2EEEEEEbRKT_RKT0_
FNDA:0,_ZN2xt6detail21linear_dynamic_layoutINS_16xarray_containerINS_7uvectorIdSaIdEEELNS_11layout_typeE1ENS_7svectorImLm4ESaImELb1EEENS_22xtensor_expression_tagEEENS_10xgeneratorINS0_7fn_implINS0_7diag_fnIRSB_EEEEdSt5arrayImLm2EEEEEEbRKT_RKT0_
FN:260,_ZN2xt6detail21linear_dynamic_layoutINS_16xarray_containerINS_7uvectorIdSaIdEEELNS_11layout_typeE1ENS_7svectorImLm4ESaImELb1EEENS_22xtensor_expression_tagEEENS_10xgeneratorINS0_7fn_implINS0_6eye_fnIbEEEEbSt6vectorImS8_EEEEEbRKT_RKT0_
FNDA:0,_ZN2xt6detail21linear_dynamic_layoutINS_16xarray_containerINS_7uvectorIdSaIdEEELNS_11layout_typeE1ENS_7svectorImLm4ESaImELb1EEENS_22xtensor_expression_tagEEENS_10xgeneratorINS0_7fn_implINS0_6eye_fnIbEEEEbSt6vectorImS8_EEEEEbRKT_RKT0_
FN:260,_ZN2xt6detail21linear_dynamic_layoutINS_16xarray_containerINS_7uvectorIdSaIdEEELNS_11layout_typeE1ENS_7svectorImLm4ESaImELb1EEENS_22xtensor_expression_tagEEENS_9xfunctionINS0_5minusEJRKSB_RKNSC_INS0_10multipliesEJNS_7xscalarIdEESF_EEEEEEEEbRKT_RKT0_
FNDA:0,_ZN2xt6detail21linear_dynamic_layoutINS_16xarray_containerINS_7uvectorIdSaIdEEELNS_11layout_typeE1ENS_7svectorImLm4ESaImELb1EEENS_22xtensor_expression_tagEEENS_9xfunctionINS0_5minusEJRKSB_RKNSC_INS0_10multipliesEJNS_7xscalarIdEESF_EEEEEEEEbRKT_RKT0_
FN:336,_ZN2xt14xassign_traitsINS_16xarray_containerINS_7uvectorIdSaIdEEELNS_11layout_typeE1ENS_7svectorImLm4ESaImELb1EEENS_22xtensor_expression_tagEEENS_10xgeneratorINS_6detail7fn_implINSC_7diag_fnIRSA_EEEEdSt5arrayImLm2EEEEE18is_bool_conversionEv
FNDA:0,_ZN2xt14xassign_traitsINS_16xarray_containerINS_7uvectorIdSaIdEEELNS_11layout_typeE1ENS_7svectorImLm4ESaImELb1EEENS_22xtensor_expression_tagEEENS_10xgeneratorINS_6detail7fn_implINSC_7diag_fnIRSA_EEEEdSt5arrayImLm2EEEEE18is_bool_conversionEv
FN:336,_ZN2xt14xassign_traitsINS_16xarray_containerINS_7uvectorIdSaIdEEELNS_11layout_typeE1ENS_7svectorImLm4ESaImELb1EEENS_22xtensor_expression_tagEEENS_9xfunctionINS_6detail5minusEJRKSA_RKNSB_INSC_10multipliesEJNS_7xscalarIdEESF_EEEEEEE18is_bool_conversionEv
FNDA:0,_ZN2xt14xassign_traitsINS_16xarray_containerINS_7uvectorIdSaIdEEELNS_11layout_typeE1ENS_7svectorImLm4ESaImELb1EEENS_22xtensor_expression_tagEEENS_9xfunctionINS_6detail5minusEJRKSA_RKNSB_INSC_10multipliesEJNS_7xscalarIdEESF_EEEEEEE18is_bool_conversionEv
FN:336,_ZN2xt14xassign_traitsINS_16xarray_containerINS_7uvectorIdSaIdEEELNS_11layout_typeE1ENS_7svectorImLm4ESaImELb1EEENS_22xtensor_expression_tagEEENS_10xgeneratorINS_6detail7fn_implINSC_6eye_fnIbEEEEbSt6vectorImS7_EEEE18is_bool_conversionEv
FNDA:0,_ZN2xt14xassign_traitsINS_16xarray_containerINS_7uvectorIdSaIdEEELNS_11layout_typeE1ENS_7svectorImLm4ESaImELb1EEENS_22xtensor_expression_tagEEENS_10xgeneratorINS_6detail7fn_implINSC_6eye_fnIbEEEEbSt6vectorImS7_EEEE18is_bool_conversionEv
FN:338,_ZN2xt14xassign_traitsINS_16xarray_containerINS_7uvectorIdSaIdEEELNS_11layout_typeE1ENS_7svectorImLm4ESaImELb1EEENS_22xtensor_expression_tagEEENS_10xgeneratorINS_6detail7fn_implINSC_6eye_fnIbEEEEbSt6vectorImS7_EEEE17convertible_typesEv
FNDA:0,_ZN2xt14xassign_traitsINS_16xarray_containerINS_7uvectorIdSaIdEEELNS_11layout_typeE1ENS_7svectorImLm4ESaImELb1EEENS_22xtensor_expression_tagEEENS_10xgeneratorINS_6detail7fn_implINSC_6eye_fnIbEEEEbSt6vectorImS7_EEEE17convertible_typesEv
FN:338,_ZN2xt14xassign_traitsINS_16xarray_containerINS_7uvectorIdSaIdEEELNS_11layout_typeE1ENS_7svectorImLm4ESaImELb1EEENS_22xtensor_expression_tagEEENS_10xgeneratorINS_6detail7fn_implINSC_7diag_fnIRSA_EEEEdSt5arrayImLm2EEEEE17convertible_typesEv
FNDA:0,_ZN2xt14xassign_traitsINS_16xarray_containerINS_7uvectorIdSaIdEEELNS_11layout_typeE1ENS_7svectorImLm4ESaImELb1EEENS_22xtensor_expression_tagEEENS_10xgeneratorINS_6detail7fn_implINSC_7diag_fnIRSA_EEEEdSt5arrayImLm2EEEEE17convertible_typesEv
FN:338,_ZN2xt14xassign_traitsINS_16xarray_containerINS_7uvectorIdSaIdEEELNS_11layout_typeE1ENS_7svectorImLm4ESaImELb1EEENS_22xtensor_expression_tagEEENS_9xfunctionINS_6detail5minusEJRKSA_RKNSB_INSC_10multipliesEJNS_7xscalarIdEESF_EEEEEEE17convertible_typesEv
FNDA:0,_ZN2xt14xassign_traitsINS_16xarray_containerINS_7uvectorIdSaIdEEELNS_11layout_typeE1ENS_7svectorImLm4ESaImELb1EEENS_22xtensor_expression_tagEEENS_9xfunctionINS_6detail5minusEJRKSA_RKNSB_INSC_10multipliesEJNS_7xscalarIdEESF_EEEEEEE17convertible_typesEv
FN:341,_ZN2xt14xassign_traitsINS_16xarray_containerINS_7uvectorIdSaIdEEELNS_11layout_typeE1ENS_7svectorImLm4ESaImELb1EEENS_22xtensor_expression_tagEEENS_10xgeneratorINS_6detail7fn_implINSC_6eye_fnIbEEEEbSt6vectorImS7_EEEE9use_xsimdEv
FNDA:0,_ZN2xt14xassign_traitsINS_16xarray_containerINS_7uvectorIdSaIdEEELNS_11layout_typeE1ENS_7svectorImLm4ESaImELb1EEENS_22xtensor_expression_tagEEENS_10xgeneratorINS_6detail7fn_implINSC_6eye_fnIbEEEEbSt6vectorImS7_EEEE9use_xsimdEv
FN:344,_ZN2xt14xassign_traitsINS_16xarray_containerINS_7uvectorIdSaIdEEELNS_11layout_typeE1ENS_7svectorImLm4ESaImELb1EEENS_22xtensor_expression_tagEEENS_10xgeneratorINS_6detail7fn_implINSC_6eye_fnIbEEEEbSt6vectorImS7_EEEE14simd_size_implIdEEbv
FNDA:0,_ZN2xt14xassign_traitsINS_16xarray_containerINS_7uvectorIdSaIdEEELNS_11layout_typeE1ENS_7svectorImLm4ESaImELb1EEENS_22xtensor_expression_tagEEENS_10xgeneratorINS_6detail7fn_implINSC_6eye_fnIbEEEEbSt6vectorImS7_EEEE14simd_size_implIdEEbv
FN:344,_ZN2xt14xassign_traitsINS_16xarray_containerINS_7uvectorIdSaIdEEELNS_11layout_typeE1ENS_7svectorImLm4ESaImELb1EEENS_22xtensor_expression_tagEEENS_10xgeneratorINS_6detail7fn_implINSC_6eye_fnIbEEEEbSt6vectorImS7_EEEE14simd_size_implIbEEbv
FNDA:0,_ZN2xt14xassign_traitsINS_16xarray_containerINS_7uvectorIdSaIdEEELNS_11layout_typeE1ENS_7svectorImLm4ESaImELb1EEENS_22xtensor_expression_tagEEENS_10xgeneratorINS_6detail7fn_implINSC_6eye_fnIbEEEEbSt6vectorImS7_EEEE14simd_size_implIbEEbv
FN:344,_ZN2xt14xassign_traitsINS_16xarray_containerINS_7uvectorIdSaIdEEELNS_11layout_typeE1ENS_7svectorImLm4ESaImELb1EEENS_22xtensor_expression_tagEEENS_10xgeneratorINS_6detail7fn_implINSC_7diag_fnIRSA_EEEEdSt5arrayImLm2EEEEE14simd_size_implIdEEbv
FNDA:0,_ZN2xt14xassign_traitsINS_16xarray_containerINS_7uvectorIdSaIdEEELNS_11layout_typeE1ENS_7svectorImLm4ESaImELb1EEENS_22xtensor_expression_tagEEENS_10xgeneratorINS_6detail7fn_implINSC_7diag_fnIRSA_EEEEdSt5arrayImLm2EEEEE14simd_size_implIdEEbv
FN:344,_ZN2xt14xassign_traitsINS_16xarray_containerINS_7uvectorIdSaIdEEELNS_11layout_typeE1ENS_7svectorImLm4ESaImELb1EEENS_22xtensor_expression_tagEEENS_9xfunctionINS_6detail5minusEJRKSA_RKNSB_INSC_10multipliesEJNS_7xscalarIdEESF_EEEEEEE14simd_size_implIdEEbv
FNDA:0,_ZN2xt14xassign_traitsINS_16xarray_containerINS_7uvectorIdSaIdEEELNS_11layout_typeE1ENS_7svectorImLm4ESaImELb1EEENS_22xtensor_expression_tagEEENS_9xfunctionINS_6detail5minusEJRKSA_RKNSB_INSC_10multipliesEJNS_7xscalarIdEESF_EEEEEEE14simd_size_implIdEEbv
FN:345,_ZN2xt14xassign_traitsINS_16xarray_containerINS_7uvectorIdSaIdEEELNS_11layout_typeE1ENS_7svectorImLm4ESaImELb1EEENS_22xtensor_expression_tagEEENS_10xgeneratorINS_6detail7fn_implINSC_7diag_fnIRSA_EEEEdSt5arrayImLm2EEEEE9simd_sizeEv
FNDA:0,_ZN2xt14xassign_traitsINS_16xarray_containerINS_7uvectorIdSaIdEEELNS_11layout_typeE1ENS_7svectorImLm4ESaImELb1EEENS_22xtensor_expression_tagEEENS_10xgeneratorINS_6detail7fn_implINSC_7diag_fnIRSA_EEEEdSt5arrayImLm2EEEEE9simd_sizeEv
FN:345,_ZN2xt14xassign_traitsINS_16xarray_containerINS_7uvectorIdSaIdEEELNS_11layout_typeE1ENS_7svectorImLm4ESaImELb1EEENS_22xtensor_expression_tagEEENS_9xfunctionINS_6detail5minusEJRKSA_RKNSB_INSC_10multipliesEJNS_7xscalarIdEESF_EEEEEEE9simd_sizeEv
FNDA:0,_ZN2xt14xassign_traitsINS_16xarray_containerINS_7uvectorIdSaIdEEELNS_11layout_typeE1ENS_7svectorImLm4ESaImELb1EEENS_22xtensor_expression_tagEEENS_9xfunctionINS_6detail5minusEJRKSA_RKNSB_INSC_10multipliesEJNS_7xscalarIdEESF_EEEEEEE9simd_sizeEv
FN:345,_ZN2xt14xassign_traitsINS_16xarray_containerINS_7uvectorIdSaIdEEELNS_11layout_typeE1ENS_7svectorImLm4ESaImELb1EEENS_22xtensor_expression_tagEEENS_10xgeneratorINS_6detail7fn_implINSC_6eye_fnIbEEEEbSt6vectorImS7_EEEE9simd_sizeEv
FNDA:0,_ZN2xt14xassign_traitsINS_16xarray_containerINS_7uvectorIdSaIdEEELNS_11layout_typeE1ENS_7svectorImLm4ESaImELb1EEENS_22xtensor_expression_tagEEENS_10xgeneratorINS_6detail7fn_implINSC_6eye_fnIbEEEEbSt6vectorImS7_EEEE9simd_sizeEv
FN:346,_ZN2xt14xassign_traitsINS_16xarray_containerINS_7uvectorIdSaIdEEELNS_11layout_typeE1ENS_7svectorImLm4ESaImELb1EEENS_22xtensor_expression_tagEEENS_10xgeneratorINS_6detail7fn_implINSC_7diag_fnIRSA_EEEEdSt5arrayImLm2EEEEE14simd_interfaceEv
FNDA:0,_ZN2xt14xassign_traitsINS_16xarray_containerINS_7uvectorIdSaIdEEELNS_11layout_typeE1ENS_7svectorImLm4ESaImELb1EEENS_22xtensor_expression_tagEEENS_10xgeneratorINS_6detail7fn_implINSC_7diag_fnIRSA_EEEEdSt5arrayImLm2EEEEE14simd_interfaceEv
FN:346,_ZN2xt14xassign_traitsINS_16xarray_containerINS_7uvectorIdSaIdEEELNS_11layout_typeE1ENS_7svectorImLm4ESaImELb1EEENS_22xtensor_expression_tagEEENS_10xgeneratorINS_6detail7fn_implINSC_6eye_fnIbEEEEbSt6vectorImS7_EEEE14simd_interfaceEv
FNDA:0,_ZN2xt14xassign_traitsINS_16xarray_containerINS_7uvectorIdSaIdEEELNS_11layout_typeE1ENS_7svectorImLm4ESaImELb1EEENS_22xtensor_expression_tagEEENS_10xgeneratorINS_6detail7fn_implINSC_6eye_fnIbEEEEbSt6vectorImS7_EEEE14simd_interfaceEv
FN:346,_ZN2xt14xassign_traitsINS_16xarray_containerINS_7uvectorIdSaIdEEELNS_11layout_typeE1ENS_7svectorImLm4ESaImELb1EEENS_22xtensor_expression_tagEEENS_9xfunctionINS_6detail5minusEJRKSA_RKNSB_INSC_10multipliesEJNS_7xscalarIdEESF_EEEEEEE14simd_interfaceEv
FNDA:0,_ZN2xt14xassign_traitsINS_16xarray_containerINS_7uvectorIdSaIdEEELNS_11layout_typeE1ENS_7svectorImLm4ESaImELb1EEENS_22xtensor_expression_tagEEENS_9xfunctionINS_6detail5minusEJRKSA_RKNSB_INSC_10multipliesEJNS_7xscalarIdEESF_EEEEEEE14simd_interfaceEv
FN:354,_ZN2xt14xassign_traitsINS_16xarray_containerINS_7uvectorIdSaIdEEELNS_11layout_typeE1ENS_7svectorImLm4ESaImELb1EEENS_22xtensor_expression_tagEEENS_9xfunctionINS_6detail5minusEJRKSA_RKNSB_INSC_10multipliesEJNS_7xscalarIdEESF_EEEEEEE11simd_assignEv
FNDA:0,_ZN2xt14xassign_traitsINS_16xarray_containerINS_7uvectorIdSaIdEEELNS_11layout_typeE1ENS_7svectorImLm4ESaImELb1EEENS_22xtensor_expression_tagEEENS_9xfunctionINS_6detail5minusEJRKSA_RKNSB_INSC_10multipliesEJNS_7xscalarIdEESF_EEEEEEE11simd_assignEv
FN:354,_ZN2xt14xassign_traitsINS_16xarray_containerINS_7uvectorIdSaIdEEELNS_11layout_typeE1ENS_7svectorImLm4ESaImELb1EEENS_22xtensor_expression_tagEEENS_10xgeneratorINS_6detail7fn_implINSC_7diag_fnIRSA_EEEEdSt5arrayImLm2EEEEE11simd_assignEv
FNDA:0,_ZN2xt14xassign_traitsINS_16xarray_containerINS_7uvectorIdSaIdEEELNS_11layout_typeE1ENS_7svectorImLm4ESaImELb1EEENS_22xtensor_expression_tagEEENS_10xgeneratorINS_6detail7fn_implINSC_7diag_fnIRSA_EEEEdSt5arrayImLm2EEEEE11simd_assignEv
FN:354,_ZN2xt14xassign_traitsINS_16xarray_containerINS_7uvectorIdSaIdEEELNS_11layout_typeE1ENS_7svectorImLm4ESaImELb1EEENS_22xtensor_expression_tagEEENS_10xgeneratorINS_6detail7fn_implINSC_6eye_fnIbEEEEbSt6vectorImS7_EEEE11simd_assignEv
FNDA:0,_ZN2xt14xassign_traitsINS_16xarray_containerINS_7uvectorIdSaIdEEELNS_11layout_typeE1ENS_7svectorImLm4ESaImELb1EEENS_22xtensor_expression_tagEEENS_10xgeneratorINS_6detail7fn_implINSC_6eye_fnIbEEEEbSt6vectorImS7_EEEE11simd_assignEv
FN:355,_ZN2xt14xassign_traitsINS_16xarray_containerINS_7uvectorIdSaIdEEELNS_11layout_typeE1ENS_7svectorImLm4ESaImELb1EEENS_22xtensor_expression_tagEEENS_10xgeneratorINS_6detail7fn_implINSC_7diag_fnIRSA_EEEEdSt5arrayImLm2EEEEE13linear_assignERKSA_RKSK_b
FNDA:0,_ZN2xt14xassign_traitsINS_16xarray_containerINS_7uvectorIdSaIdEEELNS_11layout_typeE1ENS_7svectorImLm4ESaImELb1EEENS_22xtensor_expression_tagEEENS_10xgeneratorINS_6detail7fn_implINSC_7diag_fnIRSA_EEEEdSt5arrayImLm2EEEEE13linear_assignERKSA_RKSK_b
FN:355,_ZN2xt14xassign_traitsINS_16xarray_containerINS_7uvectorIdSaIdEEELNS_11layout_typeE1ENS_7svectorImLm4ESaImELb1EEENS_22xtensor_expression_tagEEENS_9xfunctionINS_6detail5minusEJRKSA_RKNSB_INSC_10multipliesEJNS_7xscalarIdEESF_EEEEEEE13linear_assignESF_RKSM_b
FNDA:0,_ZN2xt14xassign_traitsINS_16xarray_containerINS_7uvectorIdSaIdEEELNS_11layout_typeE1ENS_7svectorImLm4ESaImELb1EEENS_22xtensor_expression_tagEEENS_9xfunctionINS_6detail5minusEJRKSA_RKNSB_INSC_10multipliesEJNS_7xscalarIdEESF_EEEEEEE13linear_assignESF_RKSM_b
FN:355,_ZN2xt14xassign_traitsINS_16xarray_containerINS_7uvectorIdSaIdEEELNS_11layout_typeE1ENS_7svectorImLm4ESaImELb1EEENS_22xtensor_expression_tagEEENS_10xgeneratorINS_6detail7fn_implINSC_6eye_fnIbEEEEbSt6vectorImS7_EEEE13linear_assignERKSA_RKSJ_b
FNDA:0,_ZN2xt14xassign_traitsINS_16xarray_containerINS_7uvectorIdSaIdEEELNS_11layout_typeE1ENS_7svectorImLm4ESaImELb1EEENS_22xtensor_expression_tagEEENS_10xgeneratorINS_6detail7fn_implINSC_6eye_fnIbEEEEbSt6vectorImS7_EEEE13linear_assignERKSA_RKSJ_b
FN:360,_ZN2xt14xassign_traitsINS_16xarray_containerINS_7uvectorIdSaIdEEELNS_11layout_typeE1ENS_7svectorImLm4ESaImELb1EEENS_22xtensor_expression_tagEEENS_9xfunctionINS_6detail5minusEJRKSA_RKNSB_INSC_10multipliesEJNS_7xscalarIdEESF_EEEEEEE18simd_linear_assignESF_RKSM_
FNDA:0,_ZN2xt14xassign_traitsINS_16xarray_containerINS_7uvectorIdSaIdEEELNS_11layout_typeE1ENS_7svectorImLm4ESaImELb1EEENS_22xtensor_expression_tagEEENS_9xfunctionINS_6detail5minusEJRKSA_RKNSB_INSC_10multipliesEJNS_7xscalarIdEESF_EEEEEEE18simd_linear_assignESF_RKSM_
FN:360,_ZN2xt14xassign_traitsINS_16xarray_containerINS_7uvectorIdSaIdEEELNS_11layout_typeE1ENS_7svectorImLm4ESaImELb1EEENS_22xtensor_expression_tagEEENS_10xgeneratorINS_6detail7fn_implINSC_6eye_fnIbEEEEbSt6vectorImS7_EEEE18simd_linear_assignERKSA_RKSJ_
FNDA:0,_ZN2xt14xassign_traitsINS_16xarray_containerINS_7uvectorIdSaIdEEELNS_11layout_typeE1ENS_7svectorImLm4ESaImELb1EEENS_22xtensor_expression_tagEEENS_10xgeneratorINS_6detail7fn_implINSC_6eye_fnIbEEEEbSt6vectorImS7_EEEE18simd_linear_assignERKSA_RKSJ_
FN:360,_ZN2xt14xassign_traitsINS_16xarray_containerINS_7uvectorIdSaIdEEELNS_11layout_typeE1ENS_7svectorImLm4ESaImELb1EEENS_22xtensor_expression_tagEEENS_10xgeneratorINS_6detail7fn_implINSC_7diag_fnIRSA_EEEEdSt5arrayImLm2EEEEE18simd_linear_assignERKSA_RKSK_
FNDA:0,_ZN2xt14xassign_traitsINS_16xarray_containerINS_7uvectorIdSaIdEEELNS_11layout_typeE1ENS_7svectorImLm4ESaImELb1EEENS_22xtensor_expression_tagEEENS_10xgeneratorINS_6detail7fn_implINSC_7diag_fnIRSA_EEEEdSt5arrayImLm2EEEEE18simd_linear_assignERKSA_RKSK_
FN:372,_ZN2xt25xexpression_assigner_baseINS_22xtensor_expression_tagEE11assign_dataINS_16xarray_containerINS_7uvectorIdSaIdEEELNS_11layout_typeE1ENS_7svectorImLm4ESaImELb1EEES1_EENS_9xfunctionINS_6detail5minusEJRKSC_RKNSD_INSE_10multipliesEJNS_7xscalarIdEESH_EEEEEEEEvRNS_11xexpressionIT_EERKNSP_IT0_EEb
FNDA:0,_ZN2xt25xexpression_assigner_baseINS_22xtensor_expression_tagEE11assign_dataINS_16xarray_containerINS_7uvectorIdSaIdEEELNS_11layout_typeE1ENS_7svectorImLm4ESaImELb1EEES1_EENS_9xfunctionINS_6detail5minusEJRKSC_RKNSD_INSE_10multipliesEJNS_7xscalarIdEESH_EEEEEEEEvRNS_11xexpressionIT_EERKNSP_IT0_EEb
FN:372,_ZN2xt25xexpression_assigner_baseINS_22xtensor_expression_tagEE11assign_dataINS_16xarray_containerINS_7uvectorIdSaIdEEELNS_11layout_typeE1ENS_7svectorImLm4ESaImELb1EEES1_EENS_10xgeneratorINS_6detail7fn_implINSE_7diag_fnIRSC_EEEEdSt5arrayImLm2EEEEEEvRNS_11xexpressionIT_EERKNSN_IT0_EEb
FNDA:0,_ZN2xt25xexpression_assigner_baseINS_22xtensor_expression_tagEE11assign_dataINS_16xarray_containerINS_7uvectorIdSaIdEEELNS_11layout_typeE1ENS_7svectorImLm4ESaImELb1EEES1_EENS_10xgeneratorINS_6detail7fn_implINSE_7diag_fnIRSC_EEEEdSt5arrayImLm2EEEEEEvRNS_11xexpressionIT_EERKNSN_IT0_EEb
FN:372,_ZN2xt25xexpression_assigner_baseINS_22xtensor_expression_tagEE11assign_dataINS_16xarray_containerINS_7uvectorIdSaIdEEELNS_11layout_typeE1ENS_7svectorImLm4ESaImELb1EEES1_EENS_10xgeneratorINS_6detail7fn_implINSE_6eye_fnIbEEEEbSt6vectorImSA_EEEEEvRNS_11xexpressionIT_EERKNSM_IT0_EEb
FNDA:0,_ZN2xt25xexpression_assigner_baseINS_22xtensor_expression_tagEE11assign_dataINS_16xarray_containerINS_7uvectorIdSaIdEEELNS_11layout_typeE1ENS_7svectorImLm4ESaImELb1EEES1_EENS_10xgeneratorINS_6detail7fn_implINSE_6eye_fnIbEEEEbSt6vectorImSA_EEEEEvRNS_11xexpressionIT_EERKNSM_IT0_EEb
FN:411,_ZN2xt20xexpression_assignerINS_22xtensor_expression_tagEE18assign_xexpressionINS_11xexpressionINS_16xarray_containerINS_7uvectorIdSaIdEEELNS_11layout_typeE1ENS_7svectorImLm4ESaImELb1EEES1_EEEENS4_INS_10xgeneratorINS_6detail7fn_implINSG_6eye_fnIbEEEEbSt6vectorImSB_EEEEEEEvRT_RKT0_
FNDA:0,_ZN2xt20xexpression_assignerINS_22xtensor_expression_tagEE18assign_xexpressionINS_11xexpressionINS_16xarray_containerINS_7uvectorIdSaIdEEELNS_11layout_typeE1ENS_7svectorImLm4ESaImELb1EEES1_EEEENS4_INS_10xgeneratorINS_6detail7fn_implINSG_6eye_fnIbEEEEbSt6vectorImSB_EEEEEEEvRT_RKT0_
FN:411,_ZN2xt20xexpression_assignerINS_22xtensor_expression_tagEE18assign_xexpressionINS_11xexpressionINS_16xarray_containerINS_7uvectorIdSaIdEEELNS_11layout_typeE1ENS_7svectorImLm4ESaImELb1EEES1_EEEENS4_INS_10xgeneratorINS_6detail7fn_implINSG_7diag_fnIRSD_EEEEdSt5arrayImLm2EEEEEEEEvRT_RKT0_
FNDA:0,_ZN2xt20xexpression_assignerINS_22xtensor_expression_tagEE18assign_xexpressionINS_11xexpressionINS_16xarray_containerINS_7uvectorIdSaIdEEELNS_11layout_typeE1ENS_7svectorImLm4ESaImELb1EEES1_EEEENS4_INS_10xgeneratorINS_6detail7fn_implINSG_7diag_fnIRSD_EEEEdSt5arrayImLm2EEEEEEEEvRT_RKT0_
FN:411,_ZN2xt20xexpression_assignerINS_22xtensor_expression_tagEE18assign_xexpressionINS_11xexpressionINS_16xarray_containerINS_7uvectorIdSaIdEEELNS_11layout_typeE1ENS_7svectorImLm4ESaImELb1EEES1_EEEENS4_INS_9xfunctionINS_6detail5minusEJRKSD_RKNSF_INSG_10multipliesEJNS_7xscalarIdEESJ_EEEEEEEEEEvRT_RKT0_
[...]
FN:126,_ZN9__gnu_cxx13new_allocatorIlE10deallocateEPlm
FNDA:0,_ZN9__gnu_cxx13new_allocatorIlE10deallocateEPlm
FN:126,_ZN9__gnu_cxx13new_allocatorImE10deallocateEPmm
FNDA:0,_ZN9__gnu_cxx13new_allocatorImE10deallocateEPmm
FN:191,_ZNK9__gnu_cxx13new_allocatorIlE11_M_max_sizeEv
FNDA:0,_ZNK9__gnu_cxx13new_allocatorIlE11_M_max_sizeEv
FN:191,_ZNK9__gnu_cxx13new_allocatorImE11_M_max_sizeEv
FNDA:0,_ZNK9__gnu_cxx13new_allocatorImE11_M_max_sizeEv
FN:191,_ZNK9__gnu_cxx13new_allocatorIdE11_M_max_sizeEv
FNDA:0,_ZNK9__gnu_cxx13new_allocatorIdE11_M_max_sizeEv
DA:79,0
DA:79,0
DA:79,0
DA:82,0
DA:82,0
DA:82,0
DA:103,0
DA:105,0
DA:109,0
DA:110,0
DA:111,0
DA:121,0
DA:103,0
DA:105,0
DA:109,0
DA:110,0
DA:111,0
DA:121,0
DA:103,0
DA:105,0
DA:109,0
DA:110,0
DA:111,0
DA:121,0
DA:126,0
DA:139,0
DA:126,0
DA:139,0
DA:126,0
DA:139,0
DA:191,0
DA:194,0
DA:191,0
DA:194,0
DA:191,0
DA:194,0
end_of_record
SF:/usr/include/c++/11/bits/shared_ptr_base.h
FN:147,_ZNSt16_Sp_counted_baseILN9__gnu_cxx12_Lock_policyE2EE15_M_add_ref_copyEv
FNDA:0,_ZNSt16_Sp_counted_baseILN9__gnu_cxx12_Lock_policyE2EE15_M_add_ref_copyEv
FN:161,_ZNSt16_Sp_counted_baseILN9__gnu_cxx12_Lock_policyE2EE10_M_releaseEv
FNDA:0,_ZNSt16_Sp_counted_baseILN9__gnu_cxx12_Lock_policyE2EE10_M_releaseEv
FN:587,_ZNSt14__shared_countILN9__gnu_cxx12_Lock_policyE2EEC2Ev
FNDA:0,_ZNSt14__shared_countILN9__gnu_cxx12_Lock_policyE2EEC2Ev
FN:699,_ZNSt14__shared_countILN9__gnu_cxx12_Lock_policyE2EED2Ev
FNDA:0,_ZNSt14__shared_countILN9__gnu_cxx12_Lock_policyE2EED2Ev
FN:705,_ZNSt14__shared_countILN9__gnu_cxx12_Lock_policyE2EEC2ERKS2_
FNDA:0,_ZNSt14__shared_countILN9__gnu_cxx12_Lock_policyE2EEC2ERKS2_
FN:728,_ZNSt14__shared_countILN9__gnu_cxx12_Lock_policyE2EE7_M_swapERS2_
FNDA:0,_ZNSt14__shared_countILN9__gnu_cxx12_Lock_policyE2EE7_M_swapERS2_
FN:1087,_ZNSt12__shared_ptrIN2xt16xarray_containerINS0_7uvectorIdSaIdEEELNS0_11layout_typeE1ENS0_7svectorImLm4ESaImELb1EEENS0_22xtensor_expression_tagEEELN9__gnu_cxx12_Lock_policyE2EEC2Ev
FNDA:0,_ZNSt12__shared_ptrIN2xt16xarray_containerINS0_7uvectorIdSaIdEEELNS0_11layout_typeE1ENS0_7svectorImLm4ESaImELb1EEENS0_22xtensor_expression_tagEEELN9__gnu_cxx12_Lock_policyE2EEC2Ev
FN:1147,_ZNSt12__shared_ptrIN2xt16xarray_containerINS0_7uvectorIdSaIdEEELNS0_11layout_typeE1ENS0_7svectorImLm4ESaImELb1EEENS0_22xtensor_expression_tagEEELN9__gnu_cxx12_Lock_policyE2EEC2ERKSD_
FNDA:0,_ZNSt12__shared_ptrIN2xt16xarray_containerINS0_7uvectorIdSaIdEEELNS0_11layout_typeE1ENS0_7svectorImLm4ESaImELb1EEENS0_22xtensor_expression_tagEEELN9__gnu_cxx12_Lock_policyE2EEC2ERKSD_
FN:1149,_ZNSt12__shared_ptrIN2xt16xarray_containerINS0_7uvectorIdSaIdEEELNS0_11layout_typeE1ENS0_7svectorImLm4ESaImELb1EEENS0_22xtensor_expression_tagEEELN9__gnu_cxx12_Lock_policyE2EED2Ev
FNDA:0,_ZNSt12__shared_ptrIN2xt16xarray_containerINS0_7uvectorIdSaIdEEELNS0_11layout_typeE1ENS0_7svectorImLm4ESaImELb1EEENS0_22xtensor_expression_tagEEELN9__gnu_cxx12_Lock_policyE2EED2Ev
FN:1156,_ZNSt12__shared_ptrIN2xt16xarray_containerINS0_7uvectorIdSaIdEEELNS0_11layout_typeE1ENS0_7svectorImLm4ESaImELb1EEENS0_22xtensor_expression_tagEEELN9__gnu_cxx12_Lock_policyE2EEC2EOSD_
FNDA:0,_ZNSt12__shared_ptrIN2xt16xarray_containerINS0_7uvectorIdSaIdEEELNS0_11layout_typeE1ENS0_7svectorImLm4ESaImELb1EEENS0_22xtensor_expression_tagEEELN9__gnu_cxx12_Lock_policyE2EEC2EOSD_
FN:1243,_ZNSt12__shared_ptrIN2xt16xarray_containerINS0_7uvectorIdSaIdEEELNS0_11layout_typeE1ENS0_7svectorImLm4ESaImELb1EEENS0_22xtensor_expression_tagEEELN9__gnu_cxx12_Lock_policyE2EEaSEOSD_
FNDA:0,_ZNSt12__shared_ptrIN2xt16xarray_containerINS0_7uvectorIdSaIdEEELNS0_11layout_typeE1ENS0_7svectorImLm4ESaImELb1EEENS0_22xtensor_expression_tagEEELN9__gnu_cxx12_Lock_policyE2EEaSEOSD_
FN:1309,_ZNSt12__shared_ptrIN2xt16xarray_containerINS0_7uvectorIdSaIdEEELNS0_11layout_typeE1ENS0_7svectorImLm4ESaImELb1EEENS0_22xtensor_expression_tagEEELN9__gnu_cxx12_Lock_policyE2EE4swapERSD_
FNDA:0,_ZNSt12__shared_ptrIN2xt16xarray_containerINS0_7uvectorIdSaIdEEELNS0_11layout_typeE1ENS0_7svectorImLm4ESaImELb1EEENS0_22xtensor_expression_tagEEELN9__gnu_cxx12_Lock_policyE2EE4swapERSD_
DA:147,0
DA:148,0
DA:161,0
DA:165,0
DA:168,0
DA:180,0
DA:181,0
DA:184,0
DA:187,0
DA:587,0
DA:588,0
DA:699,0
DA:701,0
DA:702,0
DA:703,0
DA:705,0
DA:706,0
DA:708,0
DA:709,0
DA:710,0
DA:728,0
DA:730,0
DA:731,0
DA:732,0
DA:733,0
DA:1087,0
DA:1088,0
DA:1089,0
DA:1147,0
DA:1149,0
DA:1156,0
DA:1157,0
DA:1159,0
DA:1160,0
DA:1161,0
DA:1243,0
DA:1245,0
DA:1246,0
DA:1309,0
DA:1311,0
DA:1312,0
DA:1313,0
end_of_record
SF:/usr/include/c++/11/iostream
end_of_record
SF:/usr/include/c++/11/bits/shared_ptr.h
FN:148,_ZNSt10shared_ptrIN2xt16xarray_containerINS0_7uvectorIdSaIdEEELNS0_11layout_typeE1ENS0_7svectorImLm4ESaImELb1EEENS0_22xtensor_expression_tagEEEEC2Ev
FNDA:0,_ZNSt10shared_ptrIN2xt16xarray_containerINS0_7uvectorIdSaIdEEELNS0_11layout_typeE1ENS0_7svectorImLm4ESaImELb1EEENS0_22xtensor_expression_tagEEEEC2Ev
FN:150,_ZNSt10shared_ptrIN2xt16xarray_containerINS0_7uvectorIdSaIdEEELNS0_11layout_typeE1ENS0_7svectorImLm4ESaImELb1EEENS0_22xtensor_expression_tagEEEEC2ERKSB_
FNDA:0,_ZNSt10shared_ptrIN2xt16xarray_containerINS0_7uvectorIdSaIdEEELNS0_11layout_typeE1ENS0_7svectorImLm4ESaImELb1EEENS0_22xtensor_expression_tagEEEEC2ERKSB_
FN:304,_ZNSt10shared_ptrIN2xt16xarray_containerINS0_7uvectorIdSaIdEEELNS0_11layout_typeE1ENS0_7svectorImLm4ESaImELb1EEENS0_22xtensor_expression_tagEEEEC2EOSB_
FNDA:0,_ZNSt10shared_ptrIN2xt16xarray_containerINS0_7uvectorIdSaIdEEELNS0_11layout_typeE1ENS0_7svectorImLm4ESaImELb1EEENS0_22xtensor_expression_tagEEEEC2EOSB_
FN:357,_ZNSt10shared_ptrIN2xt16xarray_containerINS0_7uvectorIdSaIdEEELNS0_11layout_typeE1ENS0_7svectorImLm4ESaImELb1EEENS0_22xtensor_expression_tagEEEEC2EDn
FNDA:0,_ZNSt10shared_ptrIN2xt16xarray_containerINS0_7uvectorIdSaIdEEELNS0_11layout_typeE1ENS0_7svectorImLm4ESaImELb1EEENS0_22xtensor_expression_tagEEEEC2EDn
FN:383,_ZNSt10shared_ptrIN2xt16xarray_containerINS0_7uvectorIdSaIdEEELNS0_11layout_typeE1ENS0_7svectorImLm4ESaImELb1EEENS0_22xtensor_expression_tagEEEEaSEOSB_
FNDA:0,_ZNSt10shared_ptrIN2xt16xarray_containerINS0_7uvectorIdSaIdEEELNS0_11layout_typeE1ENS0_7svectorImLm4ESaImELb1EEENS0_22xtensor_expression_tagEEEEaSEOSB_
DA:148,0
DA:150,0
DA:304,0
DA:305,0
DA:357,0
DA:383,0
DA:385,0
DA:386,0
end_of_record
SF:/usr/include/c++/11/type_traits
FN:3315,_ZSt21is_constant_evaluatedv
FNDA:0,_ZSt21is_constant_evaluatedv
DA:3315,0
DA:3316,0
end_of_record
SF:/workspace/.xmake/packages/x/xtensor/0.24.3/7589bb6431db4fba90e4d138dda37226/include/xtensor/xstorage.hpp
FN:172,_ZN2xt6detail18safe_init_allocateISaIdEEENSt16allocator_traitsIT_E7pointerERS4_NS5_9size_typeE
FNDA:0,_ZN2xt6detail18safe_init_allocateISaIdEEENSt16allocator_traitsIT_E7pointerERS4_NS5_9size_typeE
FN:189,_ZN2xt6detail23safe_destroy_deallocateISaIdEEEvRT_NSt16allocator_traitsIS3_E7pointerENS6_9size_typeE
FNDA:0,_ZN2xt6detail23safe_destroy_deallocateISaIdEEEvRT_NSt16allocator_traitsIS3_E7pointerENS6_9size_typeE
FN:189,_ZN2xt6detail23safe_destroy_deallocateISaIlEEEvRT_NSt16allocator_traitsIS3_E7pointerENS6_9size_typeE
FNDA:0,_ZN2xt6detail23safe_destroy_deallocateISaIlEEEvRT_NSt16allocator_traitsIS3_E7pointerENS6_9size_typeE
FN:189,_ZN2xt6detail23safe_destroy_deallocateISaImEEEvRT_NSt16allocator_traitsIS3_E7pointerENS6_9size_typeE
FNDA:0,_ZN2xt6detail23safe_destroy_deallocateISaImEEEvRT_NSt16allocator_traitsIS3_E7pointerENS6_9size_typeE
FN:211,_ZN2xt7uvectorIdSaIdEE9init_dataIPdEEvT_S5_
FNDA:0,_ZN2xt7uvectorIdSaIdEE9init_dataIPdEEvT_S5_
FN:223,_ZN2xt7uvectorIdSaIdEE11resize_implEm
FNDA:0,_ZN2xt7uvectorIdSaIdEE11resize_implEm
FN:236,_ZN2xt7uvectorIdSaIdEEC2Ev
FNDA:0,_ZN2xt7uvectorIdSaIdEEC2Ev
FN:242,_ZN2xt7uvectorIdSaIdEEC2ERKS1_
FNDA:0,_ZN2xt7uvectorIdSaIdEEC2ERKS1_
FN:286,_ZN2xt7uvectorIdSaIdEED2Ev
FNDA:0,_ZN2xt7uvectorIdSaIdEED2Ev
FN:294,_ZN2xt7uvectorIdSaIdEEC2ERKS2_
FNDA:0,_ZN2xt7uvectorIdSaIdEEC2ERKS2_
FN:329,_ZN2xt7uvectorIdSaIdEEC2EOS2_
FNDA:0,_ZN2xt7uvectorIdSaIdEEC2EOS2_
FN:345,_ZN2xt7uvectorIdSaIdEEaSEOS2_
FNDA:0,_ZN2xt7uvectorIdSaIdEEaSEOS2_
FN:355,_ZNK2xt7uvectorIdSaIdEE13get_allocatorEv
FNDA:0,_ZNK2xt7uvectorIdSaIdEE13get_allocatorEv
FN:367,_ZNK2xt7uvectorIdSaIdEE4sizeEv
FNDA:0,_ZNK2xt7uvectorIdSaIdEE4sizeEv
FN:373,_ZN2xt7uvectorIdSaIdEE6resizeEm
FNDA:0,_ZN2xt7uvectorIdSaIdEE6resizeEm
FN:413,_ZNK2xt7uvectorIdSaIdEEixEm
FNDA:0,_ZNK2xt7uvectorIdSaIdEEixEm
FN:471,_ZN2xt7uvectorIdSaIdEE5beginEv
FNDA:0,_ZN2xt7uvectorIdSaIdEE5beginEv
FN:749,_ZN2xt7svectorIlLm4ESaIlELb1EED2Ev
FNDA:0,_ZN2xt7svectorIlLm4ESaIlELb1EED2Ev
FN:749,_ZN2xt7svectorImLm4ESaImELb1EED2Ev
FNDA:0,_ZN2xt7svectorImLm4ESaImELb1EED2Ev
FN:758,_ZN2xt7svectorImLm4ESaImELb1EEC2Ev
FNDA:0,_ZN2xt7svectorImLm4ESaImELb1EEC2Ev
FN:758,_ZN2xt7svectorIlLm4ESaIlELb1EEC2Ev
FNDA:0,_ZN2xt7svectorIlLm4ESaIlELb1EEC2Ev
FN:764,_ZN2xt7svectorImLm4ESaImELb1EEC2ERKS1_
FNDA:0,_ZN2xt7svectorImLm4ESaImELb1EEC2ERKS1_
FN:764,_ZN2xt7svectorIlLm4ESaIlELb1EEC2ERKS1_
FNDA:0,_ZN2xt7svectorIlLm4ESaIlELb1EEC2ERKS1_
FN:806,_ZN2xt7svectorIlLm4ESaIlELb1EEC2EmRKlRKS1_
FNDA:0,_ZN2xt7svectorIlLm4ESaIlELb1EEC2EmRKlRKS1_
FN:806,_ZN2xt7svectorImLm4ESaImELb1EEC2EmRKmRKS1_
FNDA:0,_ZN2xt7svectorImLm4ESaImELb1EEC2EmRKmRKS1_
FN:813,_ZN2xt7svectorImLm4ESaImELb1EEC2ESt16initializer_listImERKS1_
FNDA:0,_ZN2xt7svectorImLm4ESaImELb1EEC2ESt16initializer_listImERKS1_
FN:827,_ZN2xt7svectorImLm4ESaImELb1EEaSEOS2_
FNDA:0,_ZN2xt7svectorImLm4ESaImELb1EEaSEOS2_
FN:827,_ZN2xt7svectorIlLm4ESaIlELb1EEaSEOS2_
FNDA:0,_ZN2xt7svectorIlLm4ESaIlELb1EEaSEOS2_
FN:858,_ZN2xt7svectorImLm4ESaImELb1EEC2ERKS2_
FNDA:0,_ZN2xt7svectorImLm4ESaImELb1EEC2ERKS2_
FN:858,_ZN2xt7svectorIlLm4ESaIlELb1EEC2ERKS2_
FNDA:0,_ZN2xt7svectorIlLm4ESaIlELb1EEC2ERKS2_
FN:865,_ZN2xt7svectorImLm4ESaImELb1EEC2EOS2_
FNDA:0,_ZN2xt7svectorImLm4ESaImELb1EEC2EOS2_
FN:865,_ZN2xt7svectorIlLm4ESaIlELb1EEC2EOS2_
FNDA:0,_ZN2xt7svectorIlLm4ESaIlELb1EEC2EOS2_
FN:871,_ZN2xt7svectorIlLm4ESaIlELb1EE6assignEmRKl
FNDA:0,_ZN2xt7svectorIlLm4ESaIlELb1EE6assignEmRKl
FN:871,_ZN2xt7svectorImLm4ESaImELb1EE6assignEmRKm
FNDA:0,_ZN2xt7svectorImLm4ESaImELb1EE6assignEmRKm
FN:890,_ZN2xt7svectorIlLm4ESaIlELb1EE6assignIPKlEEvT_S6_
FNDA:0,_ZN2xt7svectorIlLm4ESaIlELb1EE6assignIPKlEEvT_S6_
FN:890,_ZN2xt7svectorIlLm4ESaIlELb1EE6assignIPlEEvT_S5_
FNDA:0,_ZN2xt7svectorIlLm4ESaIlELb1EE6assignIPlEEvT_S5_
FN:890,_ZN2xt7svectorImLm4ESaImELb1EE6assignIPKmEEvT_S6_
FNDA:0,_ZN2xt7svectorImLm4ESaImELb1EE6assignIPKmEEvT_S6_
FN:890,_ZN2xt7svectorImLm4ESaImELb1EE6assignIPmEEvT_S5_
FNDA:0,_ZN2xt7svectorImLm4ESaImELb1EE6assignIPmEEvT_S5_
FN:902,_ZN2xt7svectorIlLm4ESaIlELb1EEixEm
FNDA:0,_ZN2xt7svectorIlLm4ESaIlELb1EEixEm
FN:902,_ZN2xt7svectorImLm4ESaImELb1EEixEm
FNDA:0,_ZN2xt7svectorImLm4ESaImELb1EEixEm
FN:908,_ZNK2xt7svectorIlLm4ESaIlELb1EEixEm
FNDA:0,_ZNK2xt7svectorIlLm4ESaIlELb1EEixEm
FN:908,_ZNK2xt7svectorImLm4ESaImELb1EEixEm
FNDA:0,_ZNK2xt7svectorImLm4ESaImELb1EEixEm
FN:942,_ZN2xt7svectorIlLm4ESaIlELb1EE6resizeEm
FNDA:0,_ZN2xt7svectorIlLm4ESaIlELb1EE6resizeEm
FN:942,_ZN2xt7svectorImLm4ESaImELb1EE6resizeEm
FNDA:0,_ZN2xt7svectorImLm4ESaImELb1EE6resizeEm
FN:963,_ZNK2xt7svectorIlLm4ESaIlELb1EE8capacityEv
FNDA:0,_ZNK2xt7svectorIlLm4ESaIlELb1EE8capacityEv
FN:963,_ZNK2xt7svectorImLm4ESaImELb1EE8capacityEv
FNDA:0,_ZNK2xt7svectorImLm4ESaImELb1EE8capacityEv
FN:1016,_ZN2xt7svectorImLm4ESaImELb1EE5beginEv
FNDA:0,_ZN2xt7svectorImLm4ESaImELb1EE5beginEv
FN:1016,_ZN2xt7svectorIlLm4ESaIlELb1EE5beginEv
FNDA:0,_ZN2xt7svectorIlLm4ESaIlELb1EE5beginEv
FN:1022,_ZNK2xt7svectorImLm4ESaImELb1EE5beginEv
FNDA:0,_ZNK2xt7svectorImLm4ESaImELb1EE5beginEv
FN:1022,_ZNK2xt7svectorIlLm4ESaIlELb1EE5beginEv
FNDA:0,_ZNK2xt7svectorIlLm4ESaIlELb1EE5beginEv
FN:1034,_ZN2xt7svectorIlLm4ESaIlELb1EE3endEv
FNDA:0,_ZN2xt7svectorIlLm4ESaIlELb1EE3endEv
FN:1034,_ZN2xt7svectorImLm4ESaImELb1EE3endEv
FNDA:0,_ZN2xt7svectorImLm4ESaImELb1EE3endEv
FN:1040,_ZNK2xt7svectorImLm4ESaImELb1EE3endEv
FNDA:0,_ZNK2xt7svectorImLm4ESaImELb1EE3endEv
FN:1040,_ZNK2xt7svectorIlLm4ESaIlELb1EE3endEv
FNDA:0,_ZNK2xt7svectorIlLm4ESaIlELb1EE3endEv
FN:1046,_ZNK2xt7svectorIlLm4ESaIlELb1EE4cendEv
FNDA:0,_ZNK2xt7svectorIlLm4ESaIlELb1EE4cendEv
FN:1088,_ZNK2xt7svectorIlLm4ESaIlELb1EE4sizeEv
FNDA:0,_ZNK2xt7svectorIlLm4ESaIlELb1EE4sizeEv
FN:1088,_ZNK2xt7svectorImLm4ESaImELb1EE4sizeEv
FNDA:0,_ZNK2xt7svectorImLm4ESaImELb1EE4sizeEv
FN:1128,_ZN2xt7svectorImLm4ESaImELb1EE8on_stackEv
FNDA:0,_ZN2xt7svectorImLm4ESaImELb1EE8on_stackEv
FN:1128,_ZN2xt7svectorIlLm4ESaIlELb1EE8on_stackEv
FNDA:0,_ZN2xt7svectorIlLm4ESaIlELb1EE8on_stackEv
FN:1134,_ZNK2xt7svectorIlLm4ESaIlELb1EE13get_allocatorEv
FNDA:0,_ZNK2xt7svectorIlLm4ESaIlELb1EE13get_allocatorEv
FN:1134,_ZNK2xt7svectorImLm4ESaImELb1EE13get_allocatorEv
FNDA:0,_ZNK2xt7svectorImLm4ESaImELb1EE13get_allocatorEv
FN:1225,_ZN2xt7svectorIlLm4ESaIlELb1EE13destroy_rangeEPlS3_
FNDA:0,_ZN2xt7svectorIlLm4ESaIlELb1EE13destroy_rangeEPlS3_
FN:1225,_ZN2xt7svectorImLm4ESaImELb1EE13destroy_rangeEPmS3_
FNDA:0,_ZN2xt7svectorImLm4ESaImELb1EE13destroy_rangeEPmS3_
FN:1239,_ZN2xt7svectorIlLm4ESaIlELb1EE4swapILm4ES1_Lb1EEEvRNS0_IlXT_ET0_XT1_EEE
FNDA:0,_ZN2xt7svectorIlLm4ESaIlELb1EE4swapILm4ES1_Lb1EEEvRNS0_IlXT_ET0_XT1_EEE
FN:1239,_ZN2xt7svectorImLm4ESaImELb1EE4swapILm4ES1_Lb1EEEvRNS0_ImXT_ET0_XT1_EEE
FNDA:0,_ZN2xt7svectorImLm4ESaImELb1EE4swapILm4ES1_Lb1EEEvRNS0_ImXT_ET0_XT1_EEE
FN:1291,_ZN2xt7svectorImLm4ESaImELb1EE4growEm
FNDA:0,_ZN2xt7svectorImLm4ESaImELb1EE4growEm
FN:1291,_ZN2xt7svectorIlLm4ESaIlELb1EE4growEm
FNDA:0,_ZN2xt7svectorIlLm4ESaIlELb1EE4growEm
DA:172,0
DA:177,0
DA:185,0
DA:189,0
DA:195,0
DA:204,0
DA:206,0
DA:189,0
DA:195,0
DA:204,0
DA:206,0
DA:189,0
DA:195,0
DA:204,0
DA:206,0
DA:211,0
DA:213,0
DA:214,0
DA:216,0
DA:217,0
DA:218,0
DA:220,0
DA:223,0
DA:225,0
DA:226,0
DA:227,0
DA:229,0
DA:230,0
DA:231,0
DA:233,0
DA:236,0
DA:237,0
DA:239,0
DA:242,0
DA:243,0
DA:245,0
DA:286,0
DA:288,0
DA:289,0
DA:290,0
DA:291,0
DA:294,0
DA:295,0
DA:296,0
DA:298,0
DA:299,0
DA:329,0
DA:330,0
DA:332,0
DA:333,0
DA:334,0
DA:345,0
DA:348,0
DA:349,0
DA:350,0
DA:351,0
DA:352,0
DA:355,0
DA:357,0
DA:367,0
DA:369,0
DA:373,0
DA:375,0
DA:376,0
DA:413,0
DA:415,0
DA:471,0
DA:473,0
DA:749,0
DA:751,0
DA:753,0
DA:755,0
DA:749,0
DA:751,0
DA:753,0
DA:755,0
DA:758,0
DA:759,0
DA:761,0
DA:758,0
DA:759,0
DA:761,0
DA:764,0
DA:765,0
DA:767,0
DA:764,0
DA:765,0
DA:767,0
DA:806,0
DA:807,0
DA:809,0
DA:810,0
DA:806,0
DA:807,0
DA:809,0
DA:810,0
DA:813,0
DA:814,0
DA:816,0
DA:817,0
DA:827,0
DA:830,0
DA:831,0
DA:827,0
DA:830,0
DA:831,0
DA:858,0
DA:859,0
DA:861,0
DA:862,0
DA:858,0
DA:859,0
DA:861,0
DA:862,0
DA:865,0
DA:867,0
DA:868,0
DA:865,0
DA:867,0
DA:868,0
DA:871,0
DA:873,0
DA:875,0
DA:877,0
DA:878,0
DA:879,0
DA:871,0
DA:873,0
DA:875,0
DA:877,0
DA:878,0
DA:879,0
DA:890,0
DA:892,0
DA:893,0
DA:895,0
DA:897,0
DA:898,0
DA:899,0
DA:890,0
DA:892,0
DA:893,0
DA:895,0
DA:897,0
DA:898,0
DA:899,0
DA:890,0
DA:892,0
DA:893,0
DA:895,0
DA:897,0
DA:898,0
DA:899,0
DA:890,0
DA:892,0
DA:893,0
DA:895,0
DA:897,0
DA:898,0
DA:899,0
DA:902,0
DA:904,0
DA:902,0
DA:904,0
DA:908,0
DA:910,0
DA:908,0
DA:910,0
DA:942,0
DA:944,0
DA:946,0
DA:948,0
DA:949,0
DA:950,0
DA:952,0
DA:954,0
DA:942,0
DA:944,0
DA:946,0
DA:948,0
DA:949,0
DA:950,0
DA:952,0
DA:954,0
DA:963,0
DA:965,0
DA:963,0
DA:965,0
DA:1016,0
DA:1018,0
DA:1016,0
DA:1018,0
DA:1022,0
DA:1024,0
DA:1022,0
DA:1024,0
DA:1034,0
DA:1036,0
DA:1034,0
DA:1036,0
DA:1040,0
DA:1042,0
DA:1040,0
DA:1042,0
DA:1046,0
DA:1048,0
DA:1088,0
DA:1090,0
DA:1088,0
DA:1090,0
DA:1128,0
DA:1130,0
DA:1128,0
DA:1130,0
DA:1134,0
DA:1136,0
DA:1134,0
DA:1136,0
DA:1225,0
DA:1235,0
DA:1225,0
DA:1235,0
DA:1239,0
DA:1242,0
DA:1244,0
DA:1248,0
DA:1250,0
DA:1251,0
DA:1252,0
DA:1253,0
DA:1256,0
DA:1257,0
DA:1259,0
DA:1261,0
DA:1263,0
DA:1265,0
DA:1269,0
DA:1270,0
DA:1272,0
DA:1276,0
DA:1278,0
DA:1279,0
DA:1280,0
DA:1282,0
DA:1284,0
DA:1285,0
DA:1286,0
DA:1239,0
DA:1242,0
DA:1244,0
DA:1248,0
DA:1250,0
DA:1251,0
DA:1252,0
DA:1253,0
DA:1256,0
DA:1257,0
DA:1259,0
DA:1261,0
DA:1263,0
DA:1265,0
DA:1269,0
DA:1270,0
DA:1272,0
DA:1276,0
DA:1278,0
DA:1279,0
DA:1280,0
DA:1282,0
DA:1284,0
DA:1285,0
DA:1286,0
DA:1291,0
DA:1293,0
DA:1294,0
DA:1295,0
DA:1297,0
DA:1302,0
DA:1304,0
DA:1305,0
DA:1310,0
DA:1311,0
DA:1312,0
DA:1316,0
DA:1317,0
DA:1318,0
DA:1319,0
DA:1291,0
DA:1293,0
DA:1294,0
DA:1295,0
DA:1297,0
DA:1302,0
DA:1304,0
DA:1305,0
DA:1310,0
DA:1311,0
DA:1312,0
DA:1316,0
DA:1317,0
DA:1318,0
DA:1319,0
end_of_record
SF:/workspace/.xmake/packages/x/xtensor/0.24.3/7589bb6431db4fba90e4d138dda37226/include/xtensor/xstrides.hpp
FN:295,_ZN2xt6detail15raw_data_offsetILm1EPKlEEDaRKT0_
FNDA:0,_ZN2xt6detail15raw_data_offsetILm1EPKlEEDaRKT0_
FN:295,_ZN2xt6detail15raw_data_offsetILm1ENS_7svectorIlLm4ESaIlELb1EEEEEDaRKT0_
FNDA:0,_ZN2xt6detail15raw_data_offsetILm1ENS_7svectorIlLm4ESaIlELb1EEEEEDaRKT0_
FN:309,_ZN2xt6detail15raw_data_offsetILm0EPKlmJEEEDaRKT0_T1_DpT2_
FNDA:0,_ZN2xt6detail15raw_data_offsetILm0EPKlmJEEEDaRKT0_T1_DpT2_
FN:309,_ZN2xt6detail15raw_data_offsetILm0ENS_7svectorIlLm4ESaIlELb1EEEmJEEEDaRKT0_T1_DpT2_
FNDA:0,_ZN2xt6detail15raw_data_offsetILm0ENS_7svectorIlLm4ESaIlELb1EEEmJEEEDaRKT0_T1_DpT2_
FN:383,_ZN2xt11data_offsetImNS_7svectorIlLm4ESaIlELb1EEEEET_RKT0_
FNDA:0,_ZN2xt11data_offsetImNS_7svectorIlLm4ESaIlELb1EEEEET_RKT0_
FN:389,_ZN2xt11data_offsetImNS_7svectorIlLm4ESaIlELb1EEEmJEEET_RKT0_T1_DpT2_
FNDA:0,_ZN2xt11data_offsetImNS_7svectorIlLm4ESaIlELb1EEEmJEEET_RKT0_T1_DpT2_
FN:433,_ZN2xt6detail13adapt_stridesINS_7svectorImLm4ESaImELb1EEENS2_IlLm4ESaIlELb1EEEPS6_EEvRKT_RT0_T1_NSB_9size_typeE
FNDA:0,_ZN2xt6detail13adapt_stridesINS_7svectorImLm4ESaImELb1EEENS2_IlLm4ESaIlELb1EEEPS6_EEvRKT_RT0_T1_NSB_9size_typeE
FN:454,_ZN2xt6detail15compute_stridesILNS_11layout_typeE1ENS_7svectorImLm4ESaImELb1EEENS3_IlLm4ESaIlELb1EEEPS7_EEmRKT0_S2_RT1_T2_
FNDA:0,_ZN2xt6detail15compute_stridesILNS_11layout_typeE1ENS_7svectorImLm4ESaImELb1EEENS3_IlLm4ESaIlELb1EEEPS7_EEmRKT0_S2_RT1_T2_
FN:488,_ZN2xt15compute_stridesILNS_11layout_typeE1ENS_7svectorImLm4ESaImELb1EEENS2_IlLm4ESaIlELb1EEES6_EEmRKT0_S1_RT1_RT2_
FNDA:0,_ZN2xt15compute_stridesILNS_11layout_typeE1ENS_7svectorImLm4ESaImELb1EEENS2_IlLm4ESaIlELb1EEES6_EEmRKT0_S1_RT1_RT2_
DA:295,0
DA:298,0
DA:295,0
DA:298,0
DA:309,0
DA:311,0
DA:309,0
DA:311,0
DA:383,0
DA:385,0
DA:389,0
DA:391,0
DA:392,0
DA:395,0
DA:397,0
DA:400,0
DA:410,0
DA:411,0
DA:433,0
DA:436,0
DA:438,0
DA:440,0
DA:441,0
DA:454,0
DA:458,0
DA:461,0
DA:463,0
DA:464,0
DA:465,0
DA:477,0
DA:488,0
DA:492,0
end_of_record
SF:/usr/include/c++/11/bits/range_access.h
FN:51,_ZSt5beginIN2xt7svectorImLm4ESaImELb1EEEEDTcldtfp_5beginEERT_
FNDA:0,_ZSt5beginIN2xt7svectorImLm4ESaImELb1EEEEDTcldtfp_5beginEERT_
FN:71,_ZSt3endIN2xt7svectorImLm4ESaImELb1EEEEDTcldtfp_3endEERT_
FNDA:0,_ZSt3endIN2xt7svectorImLm4ESaImELb1EEEEDTcldtfp_3endEERT_
FN:90,_ZSt5beginIlLm4EEPT_RAT0__S0_
FNDA:0,_ZSt5beginIlLm4EEPT_RAT0__S0_
FN:90,_ZSt5beginImLm4EEPT_RAT0__S0_
FNDA:0,_ZSt5beginImLm4EEPT_RAT0__S0_
FN:100,_ZSt3endIlLm4EEPT_RAT0__S0_
FNDA:0,_ZSt3endIlLm4EEPT_RAT0__S0_
FN:100,_ZSt3endImLm4EEPT_RAT0__S0_
FNDA:0,_ZSt3endImLm4EEPT_RAT0__S0_
DA:51,0
DA:52,0
DA:71,0
DA:72,0
DA:90,0
DA:91,0
DA:90,0
DA:91,0
DA:100,0
DA:101,0
DA:100,0
DA:101,0
end_of_record
SF:/usr/include/c++/11/bits/allocator.h
FN:144,_ZNSaIlEC2Ev
FNDA:0,_ZNSaIlEC2Ev
FN:144,_ZNSaImEC2Ev
FNDA:0,_ZNSaImEC2Ev
FN:144,_ZNSaIdEC2Ev
FNDA:0,_ZNSaIdEC2Ev
FN:147,_ZNSaIdEC2ERKS_
FNDA:0,_ZNSaIdEC2ERKS_
FN:147,_ZNSaIlEC2ERKS_
FNDA:0,_ZNSaIlEC2ERKS_
FN:147,_ZNSaImEC2ERKS_
FNDA:0,_ZNSaImEC2ERKS_
FN:162,_ZNSaIdED2Ev
FNDA:0,_ZNSaIdED2Ev
FN:162,_ZNSaIlED2Ev
FNDA:0,_ZNSaIlED2Ev
FN:162,_ZNSaImED2Ev
FNDA:0,_ZNSaImED2Ev
DA:144,0
DA:144,0
DA:144,0
DA:147,0
DA:148,0
DA:147,0
DA:148,0
DA:147,0
DA:148,0
DA:162,0
DA:162,0
DA:162,0
DA:170,0
DA:171,0
DA:173,0
DA:181,0
DA:183,0
DA:184,0
DA:187,0
end_of_record
SF:/usr/include/c++/11/bits/cpp_type_traits.h
FN:560,_ZSt12__miter_baseIPdET_S1_
FNDA:0,_ZSt12__miter_baseIPdET_S1_
FN:560,_ZSt12__miter_baseIPKlET_S2_
FNDA:0,_ZSt12__miter_baseIPKlET_S2_
FN:560,_ZSt12__miter_baseIPKmET_S2_
FNDA:0,_ZSt12__miter_baseIPKmET_S2_
FN:560,_ZSt12__miter_baseIPlET_S1_
FNDA:0,_ZSt12__miter_baseIPlET_S1_
FN:560,_ZSt12__miter_baseIPmET_S1_
FNDA:0,_ZSt12__miter_baseIPmET_S1_
DA:560,0
DA:561,0
DA:560,0
DA:561,0
DA:560,0
DA:561,0
DA:560,0
DA:561,0
DA:560,0
DA:561,0
end_of_record
